#
# A fatal error has been detected by the Java Runtime Environment:
#
#  SIGSEGV (0xb) at pc=0x000000010cd63a3e, pid=2605, tid=3339
#
# JRE version: Java(TM) SE Runtime Environment (8.0_25-b17) (build 1.8.0_25-b17)
# Java VM: Java HotSpot(TM) 64-Bit Server VM (25.25-b02 mixed mode bsd-amd64 compressed oops)
# Problematic frame:
# V  [libjvm.dylib+0x163a3e]
#
# Failed to write core dump. Core dumps have been disabled. To enable core dumping, try "ulimit -c unlimited" before starting Java again
#
# If you would like to submit a bug report, please visit:
#   http://bugreport.sun.com/bugreport/crash.jsp
#

---------------  T H R E A D  ---------------

Current thread is native thread

siginfo: si_signo: 11 (SIGSEGV), si_code: 1 (SEGV_MAPERR), si_addr: 0x0000000000000260

Registers:
RAX=0x0000000000000000, RBX=0x0000000000000000, RCX=0x0000000136619af0, RDX=0x0000000000000000
RSP=0x00007fff54248f20, RBP=0x00007fff54248f30, RSI=0x0000000000000006, RDI=0x00007fff54248f48
R8 =0x0000000054beb427, R9 =0x00007fc203300d90, R10=0x0000000000c411e4, R11=0x0000000094f2b162
R12=0x00007fff54248f48, R13=0x000000012a538060, R14=0x00007fc1fb3169e8, R15=0x0000000000000000
RIP=0x000000010cd63a3e, EFLAGS=0x0000000000010246, ERR=0x0000000000000006
  TRAPNO=0x000000000000000e

Top of Stack: (sp=0x00007fff54248f20)
0x00007fff54248f20:   00007fc1fec4e0c8 00007fc1fb3169e8
0x00007fff54248f30:   00007fff54248f70 000000010cef92e4
0x00007fff54248f40:   000000010b9cfa00 0000000000000000
0x00007fff54248f50:   00007fc1fea8f010 000000012a538030
0x00007fff54248f60:   00007fc1fea8be30 000000012ebc0000
0x00007fff54248f70:   00007fff54248f80 000000013521c0ee
0x00007fff54248f80:   00007fff54248fb0 000000013522234c
0x00007fff54248f90:   00007fff54248fb0 00007fc1fecc2df0
0x00007fff54248fa0:   0000000000000030 000000012ebc0000
0x00007fff54248fb0:   00007fff54248fe0 0000000135226c73
0x00007fff54248fc0:   000000012ebced50 000000012a538030
0x00007fff54248fd0:   0000000000000030 000000012ebc0000
0x00007fff54248fe0:   00007fff54249020 0000000135bfa36f
0x00007fff54248ff0:   000000012a538000 000000012a538000
0x00007fff54249000:   0000000000000007 00007fc1fec712c0
0x00007fff54249010:   000000012ebc0448 000000012ebc0000
0x00007fff54249020:   00007fff54249040 0000000135bfa878
0x00007fff54249030:   0000000000000000 000000012ebc0000
0x00007fff54249040:   00007fff54249060 0000000135c03366
0x00007fff54249050:   00007fc1fec71220 0000000000000280
0x00007fff54249060:   00007fff542490a0 0000000135c00e42
0x00007fff54249070:   0000000054beb427 41d52fad09f92431
0x00007fff54249080:   00007fc1fec71540 00007fc1fade0a18
0x00007fff54249090:   00007fc1fec71220 00007fc1fade0a00
0x00007fff542490a0:   00007fff542490f0 0000000135c008b9
0x00007fff542490b0:   00007fc1f840c3c0 00007fc1fade0a00
0x00007fff542490c0:   00007fc1fec57bf0 00007fc1fade0a00
0x00007fff542490d0:   00007fc1f840c500 00007fc1f840c3c0
0x00007fff542490e0:   00007fc1fec712c0 00007fc1fec71540
0x00007fff542490f0:   00007fff54249100 00007fff8b9dc3e4
0x00007fff54249100:   00007fff5424a1a0 00007fff8b9dbf1f
0x00007fff54249110:   00007fc1f840c510 41b2cc0300000000 

Instructions: (pc=0x000000010cd63a3e)
0x000000010cd63a1e:   0e 48 8b 0b 49 8b 56 18 48 63 c0 48 89 0c c2 5b
0x000000010cd63a2e:   41 5e 5d c3 90 90 55 48 89 e5 41 56 53 48 8b 1f
0x000000010cd63a3e:   c7 83 60 02 00 00 05 00 00 00 48 8d 05 e9 8e 73
0x000000010cd63a4e:   00 8b 00 83 f8 01 41 89 f6 7f 0c 48 8d 0d 06 0b 

Register to memory mapping:

RAX=0x0000000000000000 is an unknown value
RBX=0x0000000000000000 is an unknown value
RCX=0x0000000136619af0: Java_com_sun_webkit_MainThread_twkScheduleDispatchFunctions+0x7e1860 in /Library/Java/JavaVirtualMachines/jdk1.8.0_25.jdk/Contents/Home/jre/lib/libjfxwebkit.dylib at 0x0000000134e11000
RDX=0x0000000000000000 is an unknown value
RSP=0x00007fff54248f20 is an unknown value
RBP=0x00007fff54248f30 is an unknown value
RSI=0x0000000000000006 is an unknown value
RDI=0x00007fff54248f48 is an unknown value
R8 =0x0000000054beb427 is an unknown value
R9 =0x00007fc203300d90 is an unknown value
R10=0x0000000000c411e4 is an unknown value
R11=0x0000000094f2b162 is an unknown value
R12=0x00007fff54248f48 is an unknown value
R13=0x000000012a538060 is an unknown value
R14=0x00007fc1fb3169e8 is an unknown value
R15=0x0000000000000000 is an unknown value


Stack: [0x00007fff53a4d000,0x00007fff5424d000],  sp=0x00007fff54248f20,  free space=8175k
Native frames: (J=compiled Java code, j=interpreted, Vv=VM code, C=native code)
V  [libjvm.dylib+0x163a3e]
V  [libjvm.dylib+0x2f92e4]
C  [libjfxwebkit.dylib+0x40b0ee]  Java_com_sun_webkit_dom_EventListenerImpl_twkDispatchEvent+0x4c02e
C  [libjfxwebkit.dylib+0x41134c]  Java_com_sun_webkit_dom_EventListenerImpl_twkDispatchEvent+0x5228c
C  [libjfxwebkit.dylib+0x415c73]  Java_com_sun_webkit_dom_EventListenerImpl_twkDispatchEvent+0x56bb3
C  [libjfxwebkit.dylib+0xde936f]  JSValueIsObjectOfClass+0x5080f
C  [libjfxwebkit.dylib+0xde9878]  JSValueIsObjectOfClass+0x50d18
C  [libjfxwebkit.dylib+0xdf2366]  JSValueIsObjectOfClass+0x59806
C  [libjfxwebkit.dylib+0xdefe42]  JSValueIsObjectOfClass+0x572e2
C  [libjfxwebkit.dylib+0xdef8b9]  JSValueIsObjectOfClass+0x56d59
C  [CoreFoundation+0xb53e4]  __CFRUNLOOP_IS_CALLING_OUT_TO_A_TIMER_CALLBACK_FUNCTION__+0x14
C  [CoreFoundation+0xb4f1f]  __CFRunLoopDoTimer+0x47f
C  [CoreFoundation+0x1265aa]  __CFRunLoopDoTimers+0x12a
C  [CoreFoundation+0x706a5]  __CFRunLoopRun+0x5f5
C  [CoreFoundation+0x6fe75]  CFRunLoopRunSpecific+0x135
C  [java+0x56cc]  CreateExecutionEnvironment+0x367
C  [java+0x165c]  JLI_Launch+0x7a0
C  [java+0x768a]  main+0x65
C  [java+0xeb4]  start+0x34


---------------  P R O C E S S  ---------------

VM state:at safepoint (normal execution)

VM Mutex/Monitor currently owned by a thread:  ([mutex/lock_event])
[0x00007fc1f86033c0] Threads_lock - owner thread: 0x00007fc1fa85d800

Heap:
 PSYoungGen      total 76288K, used 49667K [0x000000076ab00000, 0x0000000770000000, 0x00000007c0000000)
  eden space 65536K, 75% used [0x000000076ab00000,0x000000076db80d88,0x000000076eb00000)
  from space 10752K, 0% used [0x000000076eb00000,0x000000076eb00000,0x000000076f580000)
  to   space 10752K, 0% used [0x000000076f580000,0x000000076f580000,0x0000000770000000)
 ParOldGen       total 120320K, used 9405K [0x00000006c0000000, 0x00000006c7580000, 0x000000076ab00000)
  object space 120320K, 7% used [0x00000006c0000000,0x00000006c092f4e0,0x00000006c7580000)
 Metaspace       used 29727K, capacity 31112K, committed 31360K, reserved 1077248K
  class space    used 4109K, capacity 4411K, committed 4480K, reserved 1048576K

Card table byte_map: [0x000000011cf5b000,0x000000011d75c000] byte_map_base: 0x000000011995b000

Marking Bits: (ParMarkBitMap*) 0x000000010d49d390
 Begin Bits: [0x000000011e4ca000, 0x00000001224ca000)
 End Bits:   [0x00000001224ca000, 0x00000001264ca000)

Polling page: 0x000000010bbd8000

CodeCache: size=245760Kb used=13190Kb max_used=13190Kb free=232569Kb
 bounds [0x000000010db9b000, 0x000000010e88b000, 0x000000011cb9b000]
 total_blobs=4881 nmethods=4140 adapters=663
 compilation: enabled

Compilation events (10 events):
Event: 7.217 Thread 0x00007fc1f9826000 nmethod 4610 0x000000010e883c10 code [0x000000010e883da0, 0x000000010e884268]
Event: 7.232 Thread 0x00007fc1f9826000 4611       3       javafx.collections.ListChangeBuilder::finalizeSubChange (44 bytes)
Event: 7.233 Thread 0x00007fc1f9826000 nmethod 4611 0x000000010e884410 code [0x000000010e884600, 0x000000010e884ff8]
Event: 7.237 Thread 0x00007fc1f9826000 4612       3       java.lang.invoke.LambdaForm::<init> (67 bytes)
Event: 7.238 Thread 0x00007fc1f9826000 nmethod 4612 0x000000010e885590 code [0x000000010e885740, 0x000000010e885c98]
Event: 7.238 Thread 0x00007fc1f9826000 4613       3       java.lang.invoke.LambdaForm::fixResult (30 bytes)
Event: 7.238 Thread 0x00007fc1f9826000 nmethod 4613 0x000000010e885f90 code [0x000000010e886100, 0x000000010e886330]
Event: 7.241 Thread 0x00007fc1f9826000 4614       3       java.util.IdentityHashMap::closeDeletion (107 bytes)
Event: 7.241 Thread 0x00007fc1f9826000 nmethod 4614 0x000000010e886450 code [0x000000010e886640, 0x000000010e887168]
Event: 7.241 Thread 0x00007fc1f9826000 4615  s    3       java.util.Hashtable::containsKey (65 bytes)

GC Heap History (8 events):
Event: 1.413 GC heap before
{Heap before GC invocations=1 (full 0):
 PSYoungGen      total 76288K, used 65536K [0x000000076ab00000, 0x0000000770000000, 0x00000007c0000000)
  eden space 65536K, 100% used [0x000000076ab00000,0x000000076eb00000,0x000000076eb00000)
  from space 10752K, 0% used [0x000000076f580000,0x000000076f580000,0x0000000770000000)
  to   space 10752K, 0% used [0x000000076eb00000,0x000000076eb00000,0x000000076f580000)
 ParOldGen       total 175104K, used 0K [0x00000006c0000000, 0x00000006cab00000, 0x000000076ab00000)
  object space 175104K, 0% used [0x00000006c0000000,0x00000006c0000000,0x00000006cab00000)
 Metaspace       used 9912K, capacity 10094K, committed 10368K, reserved 1058816K
  class space    used 1241K, capacity 1314K, committed 1408K, reserved 1048576K
Event: 1.420 GC heap after
Heap after GC invocations=1 (full 0):
 PSYoungGen      total 76288K, used 7256K [0x000000076ab00000, 0x0000000770000000, 0x00000007c0000000)
  eden space 65536K, 0% used [0x000000076ab00000,0x000000076ab00000,0x000000076eb00000)
  from space 10752K, 67% used [0x000000076eb00000,0x000000076f216250,0x000000076f580000)
  to   space 10752K, 0% used [0x000000076f580000,0x000000076f580000,0x0000000770000000)
 ParOldGen       total 175104K, used 16K [0x00000006c0000000, 0x00000006cab00000, 0x000000076ab00000)
  object space 175104K, 0% used [0x00000006c0000000,0x00000006c0004000,0x00000006cab00000)
 Metaspace       used 9912K, capacity 10094K, committed 10368K, reserved 1058816K
  class space    used 1241K, capacity 1314K, committed 1408K, reserved 1048576K
}
Event: 2.137 GC heap before
{Heap before GC invocations=2 (full 0):
 PSYoungGen      total 76288K, used 72792K [0x000000076ab00000, 0x0000000770000000, 0x00000007c0000000)
  eden space 65536K, 100% used [0x000000076ab00000,0x000000076eb00000,0x000000076eb00000)
  from space 10752K, 67% used [0x000000076eb00000,0x000000076f216250,0x000000076f580000)
  to   space 10752K, 0% used [0x000000076f580000,0x000000076f580000,0x0000000770000000)
 ParOldGen       total 175104K, used 16K [0x00000006c0000000, 0x00000006cab00000, 0x000000076ab00000)
  object space 175104K, 0% used [0x00000006c0000000,0x00000006c0004000,0x00000006cab00000)
 Metaspace       used 13173K, capacity 13552K, committed 13696K, reserved 1060864K
  class space    used 1564K, capacity 1651K, committed 1664K, reserved 1048576K
Event: 2.145 GC heap after
Heap after GC invocations=2 (full 0):
 PSYoungGen      total 76288K, used 7415K [0x000000076ab00000, 0x0000000770000000, 0x00000007c0000000)
  eden space 65536K, 0% used [0x000000076ab00000,0x000000076ab00000,0x000000076eb00000)
  from space 10752K, 68% used [0x000000076f580000,0x000000076fcbdfc0,0x0000000770000000)
  to   space 10752K, 0% used [0x000000076eb00000,0x000000076eb00000,0x000000076f580000)
 ParOldGen       total 175104K, used 24K [0x00000006c0000000, 0x00000006cab00000, 0x000000076ab00000)
  object space 175104K, 0% used [0x00000006c0000000,0x00000006c0006000,0x00000006cab00000)
 Metaspace       used 13173K, capacity 13552K, committed 13696K, reserved 1060864K
  class space    used 1564K, capacity 1651K, committed 1664K, reserved 1048576K
}
Event: 3.098 GC heap before
{Heap before GC invocations=3 (full 0):
 PSYoungGen      total 76288K, used 67651K [0x000000076ab00000, 0x0000000770000000, 0x00000007c0000000)
  eden space 65536K, 91% used [0x000000076ab00000,0x000000076e5d2ec0,0x000000076eb00000)
  from space 10752K, 68% used [0x000000076f580000,0x000000076fcbdfc0,0x0000000770000000)
  to   space 10752K, 0% used [0x000000076eb00000,0x000000076eb00000,0x000000076f580000)
 ParOldGen       total 175104K, used 24K [0x00000006c0000000, 0x00000006cab00000, 0x000000076ab00000)
  object space 175104K, 0% used [0x00000006c0000000,0x00000006c0006000,0x00000006cab00000)
 Metaspace       used 20522K, capacity 21172K, committed 21248K, reserved 1067008K
  class space    used 2571K, capacity 2814K, committed 2816K, reserved 1048576K
Event: 3.107 GC heap after
Heap after GC invocations=3 (full 0):
 PSYoungGen      total 76288K, used 9572K [0x000000076ab00000, 0x0000000770000000, 0x00000007c0000000)
  eden space 65536K, 0% used [0x000000076ab00000,0x000000076ab00000,0x000000076eb00000)
  from space 10752K, 89% used [0x000000076eb00000,0x000000076f459020,0x000000076f580000)
  to   space 10752K, 0% used [0x000000076f580000,0x000000076f580000,0x0000000770000000)
 ParOldGen       total 175104K, used 32K [0x00000006c0000000, 0x00000006cab00000, 0x000000076ab00000)
  object space 175104K, 0% used [0x00000006c0000000,0x00000006c0008000,0x00000006cab00000)
 Metaspace       used 20522K, capacity 21172K, committed 21248K, reserved 1067008K
  class space    used 2571K, capacity 2814K, committed 2816K, reserved 1048576K
}
Event: 3.107 GC heap before
{Heap before GC invocations=4 (full 1):
 PSYoungGen      total 76288K, used 9572K [0x000000076ab00000, 0x0000000770000000, 0x00000007c0000000)
  eden space 65536K, 0% used [0x000000076ab00000,0x000000076ab00000,0x000000076eb00000)
  from space 10752K, 89% used [0x000000076eb00000,0x000000076f459020,0x000000076f580000)
  to   space 10752K, 0% used [0x000000076f580000,0x000000076f580000,0x0000000770000000)
 ParOldGen       total 175104K, used 32K [0x00000006c0000000, 0x00000006cab00000, 0x000000076ab00000)
  object space 175104K, 0% used [0x00000006c0000000,0x00000006c0008000,0x00000006cab00000)
 Metaspace       used 20522K, capacity 21172K, committed 21248K, reserved 1067008K
  class space    used 2571K, capacity 2814K, committed 2816K, reserved 1048576K
Event: 3.159 GC heap after
Heap after GC invocations=4 (full 1):
 PSYoungGen      total 76288K, used 0K [0x000000076ab00000, 0x0000000770000000, 0x00000007c0000000)
  eden space 65536K, 0% used [0x000000076ab00000,0x000000076ab00000,0x000000076eb00000)
  from space 10752K, 0% used [0x000000076eb00000,0x000000076eb00000,0x000000076f580000)
  to   space 10752K, 0% used [0x000000076f580000,0x000000076f580000,0x0000000770000000)
 ParOldGen       total 120320K, used 9405K [0x00000006c0000000, 0x00000006c7580000, 0x000000076ab00000)
  object space 120320K, 7% used [0x00000006c0000000,0x00000006c092f4e0,0x00000006c7580000)
 Metaspace       used 20521K, capacity 21170K, committed 21248K, reserved 1067008K
  class space    used 2570K, capacity 2813K, committed 2816K, reserved 1048576K
}

Deoptimization events (10 events):
Event: 4.022 Thread 0x00007fc1fb316800 Uncommon trap: reason=bimorphic action=maybe_recompile pc=0x000000010dd628e8 method=java.util.Hashtable.put(Ljava/lang/Object;Ljava/lang/Object;)Ljava/lang/Object; @ 18
Event: 4.034 Thread 0x00007fc1fb316800 Uncommon trap: reason=class_check action=maybe_recompile pc=0x000000010e1df694 method=java.util.Hashtable.get(Ljava/lang/Object;)Ljava/lang/Object; @ 6
Event: 4.035 Thread 0x00007fc1fb316800 Uncommon trap: reason=bimorphic action=maybe_recompile pc=0x000000010dd628e8 method=java.util.Hashtable.put(Ljava/lang/Object;Ljava/lang/Object;)Ljava/lang/Object; @ 18
Event: 4.040 Thread 0x00007fc1fb316800 Uncommon trap: reason=bimorphic action=maybe_recompile pc=0x000000010dd628e8 method=java.util.Hashtable.put(Ljava/lang/Object;Ljava/lang/Object;)Ljava/lang/Object; @ 18
Event: 4.136 Thread 0x00007fc1fb316800 Uncommon trap: reason=class_check action=maybe_recompile pc=0x000000010e1df694 method=java.util.Hashtable.get(Ljava/lang/Object;)Ljava/lang/Object; @ 6
Event: 4.137 Thread 0x00007fc1fb316800 Uncommon trap: reason=class_check action=maybe_recompile pc=0x000000010e1df694 method=java.util.Hashtable.get(Ljava/lang/Object;)Ljava/lang/Object; @ 6
Event: 4.246 Thread 0x00007fc1fad99000 Uncommon trap: reason=class_check action=maybe_recompile pc=0x000000010e1bf870 method=java.util.Hashtable.addEntry(ILjava/lang/Object;Ljava/lang/Object;I)V @ 38
Event: 4.269 Thread 0x00007fc1fad99000 Uncommon trap: reason=class_check action=maybe_recompile pc=0x000000010e1bf870 method=java.util.Hashtable.addEntry(ILjava/lang/Object;Ljava/lang/Object;I)V @ 38
Event: 4.621 Thread 0x00007fc1fb316800 Uncommon trap: reason=class_check action=maybe_recompile pc=0x000000010e1bf870 method=java.util.Hashtable.addEntry(ILjava/lang/Object;Ljava/lang/Object;I)V @ 38
Event: 4.827 Thread 0x00007fc1fad99000 Uncommon trap: reason=class_check action=maybe_recompile pc=0x000000010e1bf870 method=java.util.Hashtable.addEntry(ILjava/lang/Object;Ljava/lang/Object;I)V @ 38

Internal exceptions (10 events):
Event: 5.302 Thread 0x00007fc1fb316800 Exception <a 'java/security/PrivilegedActionException'> (0x000000076d4b0e00) thrown at [/HUDSON3/workspace/8-2-build-macosx-x86_64/jdk8u25/1514/hotspot/src/share/vm/prims/jvm.cpp, line 1312]
Event: 5.302 Thread 0x00007fc1fb316800 Exception <a 'java/security/PrivilegedActionException'> (0x000000076d4b1700) thrown at [/HUDSON3/workspace/8-2-build-macosx-x86_64/jdk8u25/1514/hotspot/src/share/vm/prims/jvm.cpp, line 1312]
Event: 5.401 Thread 0x00007fc1fb316800 Exception <a 'java/security/PrivilegedActionException'> (0x000000076d504370) thrown at [/HUDSON3/workspace/8-2-build-macosx-x86_64/jdk8u25/1514/hotspot/src/share/vm/prims/jvm.cpp, line 1312]
Event: 5.401 Thread 0x00007fc1fb316800 Exception <a 'java/security/PrivilegedActionException'> (0x000000076d504c70) thrown at [/HUDSON3/workspace/8-2-build-macosx-x86_64/jdk8u25/1514/hotspot/src/share/vm/prims/jvm.cpp, line 1312]
Event: 5.401 Thread 0x00007fc1fb316800 Exception <a 'java/security/PrivilegedActionException'> (0x000000076d50ab18) thrown at [/HUDSON3/workspace/8-2-build-macosx-x86_64/jdk8u25/1514/hotspot/src/share/vm/prims/jvm.cpp, line 1312]
Event: 5.402 Thread 0x00007fc1fb316800 Exception <a 'java/security/PrivilegedActionException'> (0x000000076d50b3e8) thrown at [/HUDSON3/workspace/8-2-build-macosx-x86_64/jdk8u25/1514/hotspot/src/share/vm/prims/jvm.cpp, line 1312]
Event: 5.402 Thread 0x00007fc1fb316800 Exception <a 'java/security/PrivilegedActionException'> (0x000000076d511638) thrown at [/HUDSON3/workspace/8-2-build-macosx-x86_64/jdk8u25/1514/hotspot/src/share/vm/prims/jvm.cpp, line 1312]
Event: 5.402 Thread 0x00007fc1fb316800 Exception <a 'java/security/PrivilegedActionException'> (0x000000076d511fb8) thrown at [/HUDSON3/workspace/8-2-build-macosx-x86_64/jdk8u25/1514/hotspot/src/share/vm/prims/jvm.cpp, line 1312]
Event: 5.402 Thread 0x00007fc1fb316800 Exception <a 'java/security/PrivilegedActionException'> (0x000000076d517d40) thrown at [/HUDSON3/workspace/8-2-build-macosx-x86_64/jdk8u25/1514/hotspot/src/share/vm/prims/jvm.cpp, line 1312]
Event: 5.402 Thread 0x00007fc1fb316800 Exception <a 'java/security/PrivilegedActionException'> (0x000000076d518610) thrown at [/HUDSON3/workspace/8-2-build-macosx-x86_64/jdk8u25/1514/hotspot/src/share/vm/prims/jvm.cpp, line 1312]

Events (10 events):
Event: 7.240 Thread 0x00007fc1fad99000 DEOPT PACKING pc=0x000000010e82cb4c sp=0x000000012b7905c0
Event: 7.240 Thread 0x00007fc1fad99000 DEOPT UNPACKING pc=0x000000010dbe2373 sp=0x000000012b790338 mode 1
Event: 7.241 Thread 0x00007fc1fad99000 Thread exited: 0x00007fc1fad99000
Event: 7.241 Thread 0x00007fc1f9123000 Thread exited: 0x00007fc1f9123000
Event: 7.241 Thread 0x00007fc1fb316800 Thread exited: 0x00007fc1fb316800
Event: 7.241 Thread 0x00007fc1f9123000 Thread added: 0x00007fc1f9123000
Event: 7.241 Thread 0x00007fc1fd800000 Thread added: 0x00007fc1fd800000
Event: 7.241 Thread 0x00007fc1f9123000 Thread exited: 0x00007fc1f9123000
Event: 7.242 Thread 0x00007fc1fd800000 Thread exited: 0x00007fc1fd800000
Event: 7.242 Executing VM operation: Exit


Dynamic libraries:
0x0000000009612000 	/System/Library/Frameworks/Cocoa.framework/Versions/A/Cocoa
0x0000000009612000 	/System/Library/Frameworks/Security.framework/Versions/A/Security
0x0000000009612000 	/System/Library/Frameworks/ApplicationServices.framework/Versions/A/ApplicationServices
0x0000000009612000 	/usr/lib/libz.1.dylib
0x0000000009612000 	/usr/lib/libSystem.B.dylib
0x0000000009612000 	/usr/lib/libobjc.A.dylib
0x0000000009612000 	/System/Library/Frameworks/CoreFoundation.framework/Versions/A/CoreFoundation
0x0000000009612000 	/System/Library/Frameworks/Foundation.framework/Versions/C/Foundation
0x0000000009612000 	/System/Library/Frameworks/AppKit.framework/Versions/C/AppKit
0x0000000009612000 	/System/Library/Frameworks/CoreData.framework/Versions/A/CoreData
0x0000000009612000 	/System/Library/PrivateFrameworks/RemoteViewServices.framework/Versions/A/RemoteViewServices
0x0000000009612000 	/System/Library/Frameworks/AudioToolbox.framework/Versions/A/AudioToolbox
0x0000000009612000 	/System/Library/Frameworks/AudioUnit.framework/Versions/A/AudioUnit
0x0000000009612000 	/System/Library/PrivateFrameworks/DataDetectorsCore.framework/Versions/A/DataDetectorsCore
0x0000000009612000 	/System/Library/PrivateFrameworks/DesktopServicesPriv.framework/Versions/A/DesktopServicesPriv
0x0000000009612000 	/System/Library/Frameworks/Carbon.framework/Versions/A/Frameworks/HIToolbox.framework/Versions/A/HIToolbox
0x0000000009612000 	/System/Library/Frameworks/QuartzCore.framework/Versions/A/QuartzCore
0x0000000009612000 	/System/Library/Frameworks/Carbon.framework/Versions/A/Frameworks/SpeechRecognition.framework/Versions/A/SpeechRecognition
0x0000000009612000 	/usr/lib/libauto.dylib
0x0000000009612000 	/usr/lib/libicucore.A.dylib
0x0000000009612000 	/usr/lib/libxml2.2.dylib
0x0000000009612000 	/System/Library/PrivateFrameworks/CoreUI.framework/Versions/A/CoreUI
0x0000000009612000 	/System/Library/Frameworks/CoreAudio.framework/Versions/A/CoreAudio
0x0000000009612000 	/System/Library/Frameworks/DiskArbitration.framework/Versions/A/DiskArbitration
0x0000000009612000 	/usr/lib/liblangid.dylib
0x0000000009612000 	/System/Library/PrivateFrameworks/MultitouchSupport.framework/Versions/A/MultitouchSupport
0x0000000009612000 	/System/Library/Frameworks/IOKit.framework/Versions/A/IOKit
0x0000000009612000 	/usr/lib/libDiagnosticMessagesClient.dylib
0x0000000009612000 	/System/Library/Frameworks/CoreServices.framework/Versions/A/CoreServices
0x0000000009612000 	/System/Library/PrivateFrameworks/PerformanceAnalysis.framework/Versions/A/PerformanceAnalysis
0x0000000009612000 	/System/Library/PrivateFrameworks/GenerationalStorage.framework/Versions/A/GenerationalStorage
0x0000000009612000 	/System/Library/Frameworks/OpenGL.framework/Versions/A/OpenGL
0x0000000009612000 	/System/Library/PrivateFrameworks/Sharing.framework/Versions/A/Sharing
0x0000000009612000 	/System/Library/Frameworks/ImageIO.framework/Versions/A/ImageIO
0x0000000009612000 	/System/Library/Frameworks/CoreText.framework/Versions/A/CoreText
0x0000000009612000 	/System/Library/Frameworks/CoreGraphics.framework/Versions/A/CoreGraphics
0x0000000009612000 	/System/Library/PrivateFrameworks/Backup.framework/Versions/A/Backup
0x0000000009612000 	/System/Library/Frameworks/CFNetwork.framework/Versions/A/CFNetwork
0x0000000009612000 	/System/Library/Frameworks/SystemConfiguration.framework/Versions/A/SystemConfiguration
0x0000000009612000 	/usr/lib/libCRFSuite.dylib
0x0000000009612000 	/usr/lib/libc++.1.dylib
0x0000000009612000 	/usr/lib/libc++abi.dylib
0x0000000009612000 	/usr/lib/system/libcache.dylib
0x0000000009612000 	/usr/lib/system/libcommonCrypto.dylib
0x0000000009612000 	/usr/lib/system/libcompiler_rt.dylib
0x0000000009612000 	/usr/lib/system/libcopyfile.dylib
0x0000000009612000 	/usr/lib/system/libcorecrypto.dylib
0x0000000009612000 	/usr/lib/system/libdispatch.dylib
0x0000000009612000 	/usr/lib/system/libdyld.dylib
0x0000000009612000 	/usr/lib/system/libkeymgr.dylib
0x0000000009612000 	/usr/lib/system/liblaunch.dylib
0x0000000009612000 	/usr/lib/system/libmacho.dylib
0x0000000009612000 	/usr/lib/system/libquarantine.dylib
0x0000000009612000 	/usr/lib/system/libremovefile.dylib
0x0000000009612000 	/usr/lib/system/libsystem_asl.dylib
0x0000000009612000 	/usr/lib/system/libsystem_blocks.dylib
0x0000000009612000 	/usr/lib/system/libsystem_c.dylib
0x0000000009612000 	/usr/lib/system/libsystem_configuration.dylib
0x0000000009612000 	/usr/lib/system/libsystem_dnssd.dylib
0x0000000009612000 	/usr/lib/system/libsystem_info.dylib
0x0000000009612000 	/usr/lib/system/libsystem_kernel.dylib
0x0000000009612000 	/usr/lib/system/libsystem_m.dylib
0x0000000009612000 	/usr/lib/system/libsystem_malloc.dylib
0x0000000009612000 	/usr/lib/system/libsystem_network.dylib
0x0000000009612000 	/usr/lib/system/libsystem_notify.dylib
0x0000000009612000 	/usr/lib/system/libsystem_platform.dylib
0x0000000009612000 	/usr/lib/system/libsystem_pthread.dylib
0x0000000009612000 	/usr/lib/system/libsystem_sandbox.dylib
0x0000000009612000 	/usr/lib/system/libsystem_stats.dylib
0x0000000009612000 	/usr/lib/system/libunc.dylib
0x0000000009612000 	/usr/lib/system/libunwind.dylib
0x0000000009612000 	/usr/lib/system/libxpc.dylib
0x0000000009612000 	/usr/lib/libbsm.0.dylib
0x0000000009612000 	/usr/lib/libsqlite3.dylib
0x0000000009612000 	/usr/lib/libxar.1.dylib
0x0000000009612000 	/usr/lib/libpam.2.dylib
0x0000000009612000 	/usr/lib/libOpenScriptingUtil.dylib
0x0000000009612000 	/usr/lib/libbz2.1.0.dylib
0x0000000009612000 	/System/Library/Frameworks/CoreServices.framework/Versions/A/Frameworks/CarbonCore.framework/Versions/A/CarbonCore
0x0000000009612000 	/System/Library/Frameworks/CoreServices.framework/Versions/A/Frameworks/Metadata.framework/Versions/A/Metadata
0x0000000009612000 	/System/Library/Frameworks/CoreServices.framework/Versions/A/Frameworks/OSServices.framework/Versions/A/OSServices
0x0000000009612000 	/System/Library/Frameworks/CoreServices.framework/Versions/A/Frameworks/SearchKit.framework/Versions/A/SearchKit
0x0000000009612000 	/System/Library/Frameworks/CoreServices.framework/Versions/A/Frameworks/AE.framework/Versions/A/AE
0x0000000009612000 	/System/Library/Frameworks/CoreServices.framework/Versions/A/Frameworks/LaunchServices.framework/Versions/A/LaunchServices
0x0000000009612000 	/System/Library/Frameworks/CoreServices.framework/Versions/A/Frameworks/DictionaryServices.framework/Versions/A/DictionaryServices
0x0000000009612000 	/System/Library/Frameworks/NetFS.framework/Versions/A/NetFS
0x0000000009612000 	/usr/lib/system/libkxld.dylib
0x0000000009612000 	/System/Library/PrivateFrameworks/NetAuth.framework/Versions/A/NetAuth
0x0000000009612000 	/System/Library/PrivateFrameworks/TCC.framework/Versions/A/TCC
0x0000000009612000 	/System/Library/Frameworks/OpenDirectory.framework/Versions/A/Frameworks/CFOpenDirectory.framework/Versions/A/CFOpenDirectory
0x0000000009612000 	/System/Library/Frameworks/ServiceManagement.framework/Versions/A/ServiceManagement
0x0000000009612000 	/usr/lib/libxslt.1.dylib
0x0000000009612000 	/System/Library/Frameworks/Carbon.framework/Versions/A/Frameworks/Ink.framework/Versions/A/Ink
0x0000000009612000 	/System/Library/Frameworks/ApplicationServices.framework/Versions/A/Frameworks/ATS.framework/Versions/A/ATS
0x0000000009612000 	/System/Library/Frameworks/ApplicationServices.framework/Versions/A/Frameworks/ColorSync.framework/Versions/A/ColorSync
0x0000000009612000 	/System/Library/Frameworks/ApplicationServices.framework/Versions/A/Frameworks/HIServices.framework/Versions/A/HIServices
0x0000000009612000 	/System/Library/Frameworks/ApplicationServices.framework/Versions/A/Frameworks/LangAnalysis.framework/Versions/A/LangAnalysis
0x0000000009612000 	/System/Library/Frameworks/ApplicationServices.framework/Versions/A/Frameworks/PrintCore.framework/Versions/A/PrintCore
0x0000000009612000 	/System/Library/Frameworks/ApplicationServices.framework/Versions/A/Frameworks/QD.framework/Versions/A/QD
0x0000000009612000 	/System/Library/Frameworks/ApplicationServices.framework/Versions/A/Frameworks/SpeechSynthesis.framework/Versions/A/SpeechSynthesis
0x0000000009612000 	/System/Library/Frameworks/IOSurface.framework/Versions/A/IOSurface
0x0000000009612000 	/System/Library/Frameworks/Accelerate.framework/Versions/A/Accelerate
0x0000000009612000 	/System/Library/Frameworks/Accelerate.framework/Versions/A/Frameworks/vImage.framework/Versions/A/vImage
0x0000000009612000 	/System/Library/Frameworks/Accelerate.framework/Versions/A/Frameworks/vecLib.framework/Versions/A/vecLib
0x0000000009612000 	/System/Library/Frameworks/Accelerate.framework/Versions/A/Frameworks/vecLib.framework/Versions/A/libvDSP.dylib
0x0000000009612000 	/System/Library/Frameworks/Accelerate.framework/Versions/A/Frameworks/vecLib.framework/Versions/A/libvMisc.dylib
0x0000000009612000 	/System/Library/Frameworks/Accelerate.framework/Versions/A/Frameworks/vecLib.framework/Versions/A/libLAPACK.dylib
0x0000000009612000 	/System/Library/Frameworks/Accelerate.framework/Versions/A/Frameworks/vecLib.framework/Versions/A/libBLAS.dylib
0x0000000009612000 	/System/Library/Frameworks/ApplicationServices.framework/Versions/A/Frameworks/ATS.framework/Versions/A/Resources/libFontParser.dylib
0x0000000009612000 	/System/Library/Frameworks/ApplicationServices.framework/Versions/A/Frameworks/ATS.framework/Versions/A/Resources/libFontRegistry.dylib
0x0000000009612000 	/System/Library/Frameworks/ImageIO.framework/Versions/A/Resources/libJPEG.dylib
0x0000000009612000 	/System/Library/Frameworks/ImageIO.framework/Versions/A/Resources/libTIFF.dylib
0x0000000009612000 	/System/Library/Frameworks/ImageIO.framework/Versions/A/Resources/libPng.dylib
0x0000000009612000 	/System/Library/Frameworks/ImageIO.framework/Versions/A/Resources/libGIF.dylib
0x0000000009612000 	/System/Library/Frameworks/ImageIO.framework/Versions/A/Resources/libJP2.dylib
0x0000000009612000 	/System/Library/Frameworks/ImageIO.framework/Versions/A/Resources/libRadiance.dylib
0x0000000009612000 	/usr/lib/libcups.2.dylib
0x0000000009612000 	/System/Library/Frameworks/Kerberos.framework/Versions/A/Kerberos
0x0000000009612000 	/System/Library/Frameworks/GSS.framework/Versions/A/GSS
0x0000000009612000 	/usr/lib/libresolv.9.dylib
0x0000000009612000 	/usr/lib/libiconv.2.dylib
0x0000000009612000 	/System/Library/PrivateFrameworks/Heimdal.framework/Versions/A/Heimdal
0x0000000009612000 	/System/Library/PrivateFrameworks/TrustEvaluationAgent.framework/Versions/A/TrustEvaluationAgent
0x0000000009612000 	/usr/lib/libheimdal-asn1.dylib
0x0000000009612000 	/System/Library/Frameworks/OpenDirectory.framework/Versions/A/OpenDirectory
0x0000000009612000 	/System/Library/PrivateFrameworks/CommonAuth.framework/Versions/A/CommonAuth
0x0000000009612000 	/System/Library/Frameworks/SecurityFoundation.framework/Versions/A/SecurityFoundation
0x0000000009612000 	/System/Library/PrivateFrameworks/Bom.framework/Versions/A/Bom
0x0000000009612000 	/System/Library/Frameworks/CoreVideo.framework/Versions/A/CoreVideo
0x0000000009612000 	/System/Library/Frameworks/QuartzCore.framework/Versions/A/Frameworks/CoreImage.framework/Versions/A/CoreImage
0x0000000009612000 	/System/Library/Frameworks/QuartzCore.framework/Versions/A/Frameworks/ScalableUserInterface.framework/Versions/A/ScalableUserInterface
0x0000000009612000 	/System/Library/Frameworks/OpenGL.framework/Versions/A/Libraries/libGLU.dylib
0x0000000009612000 	/System/Library/Frameworks/OpenGL.framework/Versions/A/Libraries/libGFXShared.dylib
0x0000000009612000 	/System/Library/Frameworks/OpenGL.framework/Versions/A/Libraries/libGL.dylib
0x0000000009612000 	/System/Library/Frameworks/OpenGL.framework/Versions/A/Libraries/libGLImage.dylib
0x0000000009612000 	/System/Library/Frameworks/OpenGL.framework/Versions/A/Libraries/libCVMSPluginSupport.dylib
0x0000000009612000 	/System/Library/Frameworks/OpenGL.framework/Versions/A/Libraries/libCoreVMClient.dylib
0x0000000009612000 	/System/Library/PrivateFrameworks/FaceCore.framework/Versions/A/FaceCore
0x0000000009612000 	/System/Library/PrivateFrameworks/CrashReporterSupport.framework/Versions/A/CrashReporterSupport
0x0000000009612000 	/System/Library/Frameworks/OpenCL.framework/Versions/A/OpenCL
0x0000000009612000 	/System/Library/PrivateFrameworks/AppleFSCompression.framework/Versions/A/AppleFSCompression
0x0000000009612000 	/System/Library/PrivateFrameworks/Ubiquity.framework/Versions/A/Ubiquity
0x0000000009612000 	/System/Library/PrivateFrameworks/IconServices.framework/Versions/A/IconServices
0x0000000009612000 	/System/Library/PrivateFrameworks/ChunkingLibrary.framework/Versions/A/ChunkingLibrary
0x0000000009612000 	/System/Library/PrivateFrameworks/CoreSymbolication.framework/Versions/A/CoreSymbolication
0x0000000009612000 	/System/Library/PrivateFrameworks/Symbolication.framework/Versions/A/Symbolication
0x0000000009612000 	/System/Library/PrivateFrameworks/DebugSymbols.framework/Versions/A/DebugSymbols
0x000000010cc00000 	/Library/Java/JavaVirtualMachines/jdk1.8.0_25.jdk/Contents/Home/jre/lib/server/libjvm.dylib
0x0000000009612000 	/usr/lib/libstdc++.6.dylib
0x000000010bbca000 	/Library/Java/JavaVirtualMachines/jdk1.8.0_25.jdk/Contents/Home/jre/lib/libverify.dylib
0x000000010db1c000 	/Library/Java/JavaVirtualMachines/jdk1.8.0_25.jdk/Contents/Home/jre/lib/libjava.dylib
0x000000010db50000 	/Library/Java/JavaVirtualMachines/jdk1.8.0_25.jdk/Contents/Home/jre/lib/libjdwp.dylib
0x000000010bbd9000 	/Library/Java/JavaVirtualMachines/jdk1.8.0_25.jdk/Contents/Home/jre/lib/libnpt.dylib
0x000000010bbe6000 	/Library/Java/JavaVirtualMachines/jdk1.8.0_25.jdk/Contents/Home/jre/lib/libzip.dylib
0x000000012976e000 	/System/Library/Frameworks/JavaVM.framework/Frameworks/JavaRuntimeSupport.framework/JavaRuntimeSupport
0x0000000129786000 	/System/Library/Frameworks/JavaVM.framework/Versions/A/Frameworks/JavaNativeFoundation.framework/Versions/A/JavaNativeFoundation
0x000000010bbf0000 	/System/Library/Frameworks/JavaVM.framework/Versions/A/JavaVM
0x0000000009612000 	/System/Library/Frameworks/Carbon.framework/Versions/A/Carbon
0x000000012979b000 	/System/Library/PrivateFrameworks/JavaLaunching.framework/Versions/A/JavaLaunching
0x0000000009612000 	/System/Library/Frameworks/Carbon.framework/Versions/A/Frameworks/CommonPanels.framework/Versions/A/CommonPanels
0x0000000009612000 	/System/Library/Frameworks/Carbon.framework/Versions/A/Frameworks/Help.framework/Versions/A/Help
0x0000000009612000 	/System/Library/Frameworks/Carbon.framework/Versions/A/Frameworks/ImageCapture.framework/Versions/A/ImageCapture
0x0000000009612000 	/System/Library/Frameworks/Carbon.framework/Versions/A/Frameworks/OpenScripting.framework/Versions/A/OpenScripting
0x0000000009612000 	/System/Library/Frameworks/Carbon.framework/Versions/A/Frameworks/Print.framework/Versions/A/Print
0x0000000009612000 	/System/Library/Frameworks/Carbon.framework/Versions/A/Frameworks/SecurityHI.framework/Versions/A/SecurityHI
0x00000001299b0000 	/Library/Java/JavaVirtualMachines/jdk1.8.0_25.jdk/Contents/Home/jre/lib/libdt_socket.dylib
0x000000012a47b000 	/Library/Java/JavaVirtualMachines/jdk1.8.0_25.jdk/Contents/Home/jre/lib/libnet.dylib
0x000000012a492000 	/Library/Java/JavaVirtualMachines/jdk1.8.0_25.jdk/Contents/Home/jre/lib/libnio.dylib
0x000000012a508000 	/Library/Java/JavaVirtualMachines/jdk1.8.0_25.jdk/Contents/Home/jre/lib/libprism_es2.dylib
0x0000000009612000 	/System/Library/Frameworks/OpenGL.framework/Versions/A/Resources/GLEngine.bundle/GLEngine
0x0000000009612000 	/System/Library/Frameworks/OpenGL.framework/Versions/A/Libraries/libGLProgrammability.dylib
0x0000000000000000 	/System/Library/Extensions/AppleIntelHD4000GraphicsGLDriver.bundle/Contents/MacOS/AppleIntelHD4000GraphicsGLDriver
0x0000000009612000 	/System/Library/PrivateFrameworks/IOAccelerator.framework/Versions/A/IOAccelerator
0x0000000009612000 	/System/Library/PrivateFrameworks/GPUSupport.framework/Versions/A/Libraries/libGPUSupportMercury.dylib
0x0000000000000000 	/System/Library/Extensions/GeForceGLDriver.bundle/Contents/MacOS/GeForceGLDriver
0x0000000009612000 	/System/Library/Extensions/GeForceGLDriver.bundle/Contents/MacOS/libclh.dylib
0x0000000009612000 	/System/Library/Frameworks/OpenGL.framework/Versions/A/Resources/GLRendererFloat.bundle/GLRendererFloat
0x0000000009612000 	/System/Library/Frameworks/OpenCL.framework/Versions/A/Libraries/libcldcpuengine.dylib
0x0000000009612000 	/System/Library/PrivateFrameworks/DiskImages.framework/Versions/A/DiskImages
0x0000000009612000 	/System/Library/Frameworks/DiscRecording.framework/Versions/A/DiscRecording
0x0000000009612000 	/usr/lib/libcsfde.dylib
0x0000000009612000 	/usr/lib/libcurl.4.dylib
0x0000000009612000 	/System/Library/PrivateFrameworks/MediaKit.framework/Versions/A/MediaKit
0x0000000009612000 	/usr/lib/libCoreStorage.dylib
0x0000000009612000 	/System/Library/PrivateFrameworks/EFILogin.framework/Versions/A/EFILogin
0x0000000009612000 	/usr/lib/libutil.dylib
0x0000000009612000 	/System/Library/PrivateFrameworks/AOSNotification.framework/Versions/A/AOSNotification
0x0000000009612000 	/System/Library/Frameworks/LDAP.framework/Versions/A/LDAP
0x0000000009612000 	/usr/lib/libsasl2.2.dylib
0x0000000009612000 	/usr/lib/libcrypto.0.9.8.dylib
0x0000000009612000 	/usr/lib/libssl.0.9.8.dylib
0x000000012a98a000 	/Library/Java/JavaVirtualMachines/jdk1.8.0_25.jdk/Contents/Home/jre/lib/libglass.dylib
0x0000000009612000 	/System/Library/PrivateFrameworks/CoreServicesInternal.framework/Versions/A/CoreServicesInternal
0x0000000009612000 	/System/Library/PrivateFrameworks/Librarian.framework/Versions/A/Librarian
0x0000000009612000 	/System/Library/CoreServices/RawCamera.bundle/Contents/MacOS/RawCamera
0x0000000009612000 	/System/Library/Frameworks/CoreGraphics.framework/Versions/A/Resources/libCGCMS.A.dylib
0x0000000009612000 	/System/Library/Frameworks/CoreGraphics.framework/Versions/A/Resources/libRIP.A.dylib
0x0000000009612000 	/System/Library/PrivateFrameworks/FamilyControls.framework/Versions/A/FamilyControls
0x0000000009612000 	/System/Library/PrivateFrameworks/CommerceKit.framework/Versions/A/Frameworks/CommerceCore.framework/Versions/A/CommerceCore
0x0000000009612000 	/System/Library/PrivateFrameworks/SystemAdministration.framework/Versions/A/SystemAdministration
0x0000000009612000 	/System/Library/Frameworks/DirectoryService.framework/Versions/A/DirectoryService
0x0000000009612000 	/System/Library/PrivateFrameworks/LoginUIKit.framework/Versions/A/Frameworks/LoginUICore.framework/Versions/A/LoginUICore
0x0000000009612000 	/usr/lib/libodfde.dylib
0x000000012a7d0000 	/Library/Java/JavaVirtualMachines/jdk1.8.0_25.jdk/Contents/Home/jre/lib/libjavafx_font.dylib
0x0000000009612000 	/System/Library/Frameworks/CoreGraphics.framework/Versions/A/Resources/libCGXType.A.dylib
0x000000012a901000 	cl_kernels
0x0000000133bc1000 	/System/Library/Frameworks/OpenCL.framework/Versions/A/Libraries/ImageFormats/unorm8_bgra.dylib
0x000000012a9f9000 	cl_kernels
0x000000012aa1c000 	cl_kernels
0x000000012adf2000 	cl_kernels
0x0000000133fef000 	/System/Library/Frameworks/OpenCL.framework/Versions/A/Libraries/ImageFormats/unorm8_argb.dylib
0x0000000134e11000 	/Library/Java/JavaVirtualMachines/jdk1.8.0_25.jdk/Contents/Home/jre/lib/libjfxwebkit.dylib
0x000000012b60c000 	/Library/Java/JavaVirtualMachines/jdk1.8.0_25.jdk/Contents/Home/jre/lib/libosx.dylib
0x000000012bc52000 	/Library/Java/JavaVirtualMachines/jdk1.8.0_25.jdk/Contents/Home/jre/lib/./libosxapp.dylib
0x0000000009612000 	/System/Library/Frameworks/ExceptionHandling.framework/Versions/A/ExceptionHandling
0x000000012b4d0000 	/Library/Java/JavaVirtualMachines/jdk1.8.0_25.jdk/Contents/Home/jre/lib/libprism_common.dylib

VM Arguments:
jvm_args: -Xdebug -Xrunjdwp:transport=dt_socket,server=n,address=51229 -Dclassworlds.conf=/Applications/NetBeans/NetBeans 8.0.2.app/Contents/Resources/NetBeans/java/maven/bin/m2.conf -Dmaven.home=/Applications/NetBeans/NetBeans 8.0.2.app/Contents/Resources/NetBeans/java/maven 
java_command: org.codehaus.plexus.classworlds.launcher.Launcher -Djpda.listen=maven -DskipTests=true -Dnetbeans.inspect.port=50547 -Djpda.address=51229 -Dmaven.ext.class.path=/Applications/NetBeans/NetBeans 8.0.2.app/Contents/Resources/NetBeans/java/maven-nblib/netbeans-eventspy.jar -Dmaven.wagon.http.ssl.insecure=true -Dmaven.wagon.http.ssl.allowall=true process-classes exec:java
java_class_path (initial): /Applications/NetBeans/NetBeans 8.0.2.app/Contents/Resources/NetBeans/java/maven/boot/plexus-classworlds-2.4.jar
Launcher Type: SUN_STANDARD

Environment Variables:
JAVA_HOME=/Library/Java/JavaVirtualMachines/jdk1.8.0_25.jdk/Contents/Home
PATH=/usr/bin:/bin:/usr/sbin:/sbin
LD_LIBRARY_PATH=/Library/Java/JavaVirtualMachines/jdk1.8.0_25.jdk/Contents/Home/jre/lib/amd64:/Library/Java/JavaVirtualMachines/jdk1.8.0_25.jdk/Contents/Home/jre/lib/i386:
SHELL=/bin/bash
DYLD_LIBRARY_PATH=/Applications/NetBeans/NetBeans 8.0.2.app/Contents/Resources/NetBeans/webcommon/bin:

Signal Handlers:
SIGSEGV: [libjvm.dylib+0x579dc7], sa_mask[0]=11111111011111110111111111111111, sa_flags=SA_ONSTACK|SA_RESTART|SA_SIGINFO
SIGBUS: [libjvm.dylib+0x579dc7], sa_mask[0]=11111111011111110111111111111111, sa_flags=SA_RESTART|SA_SIGINFO
SIGFPE: [libjvm.dylib+0x45b030], sa_mask[0]=11111111011111110111111111111111, sa_flags=SA_RESTART|SA_SIGINFO
SIGPIPE: [libjvm.dylib+0x45b030], sa_mask[0]=11111111011111110111111111111111, sa_flags=SA_RESTART|SA_SIGINFO
SIGXFSZ: [libjvm.dylib+0x45b030], sa_mask[0]=11111111011111110111111111111111, sa_flags=SA_RESTART|SA_SIGINFO
SIGILL: [libjvm.dylib+0x45b030], sa_mask[0]=11111111011111110111111111111111, sa_flags=SA_RESTART|SA_SIGINFO
SIGUSR1: SIG_DFL, sa_mask[0]=00000000000000000000000000000000, sa_flags=SA_RESTART
SIGUSR2: [libjvm.dylib+0x45ab4e], sa_mask[0]=00100000000000000000000000000000, sa_flags=SA_RESTART|SA_SIGINFO
SIGHUP: [libjvm.dylib+0x459121], sa_mask[0]=11111111011111110111111111111111, sa_flags=SA_RESTART|SA_SIGINFO
SIGINT: SIG_IGN, sa_mask[0]=00000000000000000000000000000000, sa_flags=none
SIGTERM: [libjvm.dylib+0x459121], sa_mask[0]=11111111011111110111111111111111, sa_flags=SA_RESTART|SA_SIGINFO
SIGQUIT: [libjvm.dylib+0x459121], sa_mask[0]=11111111011111110111111111111111, sa_flags=SA_RESTART|SA_SIGINFO


---------------  S Y S T E M  ---------------

OS:Bsduname:Darwin 13.4.0 Darwin Kernel Version 13.4.0: Sun Aug 17 19:50:11 PDT 2014; root:xnu-2422.115.4~1/RELEASE_X86_64 x86_64
rlimit: STACK 8192k, CORE 0k, NPROC 709, NOFILE 10240, AS infinity
load average:1.53 1.44 1.46

CPU:total 8 (4 cores per cpu, 2 threads per core) family 6 model 58 stepping 9, cmov, cx8, fxsr, mmx, sse, sse2, sse3, ssse3, sse4.1, sse4.2, popcnt, avx, aes, clmul, erms, ht, tsc, tscinvbit, tscinv

Memory: 4k page, physical 16777216k(475968k free)

/proc/meminfo:


vm_info: Java HotSpot(TM) 64-Bit Server VM (25.25-b02) for bsd-amd64 JRE (1.8.0_25-b17), built on Sep 17 2014 16:56:50 by "java_re" with gcc 4.2.1 (Based on Apple Inc. build 5658) (LLVM build 2336.11.00)

time: Tue Jan 20 21:01:43 2015
elapsed time: 7 seconds (0d 0h 0m 7s)

