#
# A fatal error has been detected by the Java Runtime Environment:
#
#  SIGSEGV (0xb) at pc=0x000000010c944df8, pid=24740, tid=0x0000000000000307
#
# JRE version: Java(TM) SE Runtime Environment (8.0_181-b13) (build 1.8.0_181-b13)
# Java VM: Java HotSpot(TM) 64-Bit Server VM (25.181-b13 mixed mode bsd-amd64 compressed oops)
# Problematic frame:
# V  [libjvm.dylib+0x344df8]
#
# Failed to write core dump. Core dumps have been disabled. To enable core dumping, try "ulimit -c unlimited" before starting Java again
#
# If you would like to submit a bug report, please visit:
#   http://bugreport.java.com/bugreport/crash.jsp
#

---------------  T H R E A D  ---------------

Current thread is native thread

siginfo: si_signo: 11 (SIGSEGV), si_code: 1 (SEGV_MAPERR), si_addr: 0x0000000000000038

Registers:
RAX=0x0000000000000000, RBX=0x00007f8105678b50, RCX=0x0000000000000089, RDX=0x000000000000008a
RSP=0x00007ffee47d6c70, RBP=0x00007ffee47d6c70, RSI=0x00007f8105678b50, RDI=0x0000000000000038
R8 =0x0000000000000000, R9 =0x00000001366f82c8, R10=0x0000000000000001, R11=0x0000000000000000
R12=0x0000000136653930, R13=0x0000000136653930, R14=0x00007f81092d71f8, R15=0x0000000000000000
RIP=0x000000010c944df8, EFLAGS=0x0000000000010202, ERR=0x0000000000000004
  TRAPNO=0x000000000000000e

Top of Stack: (sp=0x00007ffee47d6c70)
0x00007ffee47d6c70:   00007ffee47d6ca0 000000010c925a4d
0x00007ffee47d6c80:   0000000136653930 0000000148303f60
0x00007ffee47d6c90:   0000000148312f88 0000000136653948
0x00007ffee47d6ca0:   00007ffee47d6cc0 00000001323f314a
0x00007ffee47d6cb0:   0000000000000000 0000000148303f60
0x00007ffee47d6cc0:   00007ffee47d6ce0 00000001323f9b46
0x00007ffee47d6cd0:   0000000148312f88 0000000136bd3e40
0x00007ffee47d6ce0:   00007ffee47d6d00 00000001323f9bae
0x00007ffee47d6cf0:   0000000134a9c740 000000013666a138
0x00007ffee47d6d00:   00007ffee47d6d30 0000000131a48b00
0x00007ffee47d6d10:   00007fff9294b660 0000000136bd3e40
0x00007ffee47d6d20:   0000000000000018 00000001366cbd01
0x00007ffee47d6d30:   00007ffee47d6d80 00000001328a45b9
0x00007ffee47d6d40:   0000000136653900 00007fff00000001
0x00007ffee47d6d50:   0000000136800000 0000000136653900
0x00007ffee47d6d60:   0000000136800000 00007f81080222b8
0x00007ffee47d6d70:   00000001366cbd80 000000013661c100
0x00007ffee47d6d80:   00007ffee47d6db0 00000001328a4b3c
0x00007ffee47d6d90:   00000001366f82c8 00000001366cbcc0
0x00007ffee47d6da0:   0000000000000000 0000000000000000
0x00007ffee47d6db0:   00007ffee47d6e40 00000001328951f4
0x00007ffee47d6dc0:   0000000000000000 0000000136800498
0x00007ffee47d6dd0:   00007ffee47d6e10 00000001328841cc
0x00007ffee47d6de0:   0000000136800030 0000000136800100
0x00007ffee47d6df0:   0000000000000000 00000001332d20f4
0x00007ffee47d6e00:   0000000000000005 0000000136800030
0x00007ffee47d6e10:   00007ffee47d6e40 00000001366cbcc0
0x00007ffee47d6e20:   0000000132b98030 00007f81080222b8
0x00007ffee47d6e30:   00000001366e1090 0000000136800000
0x00007ffee47d6e40:   00007ffee47d6e70 000000013289051c
0x00007ffee47d6e50:   0000000000000001 00000001366e1090
0x00007ffee47d6e60:   0000000136800000 00007ffee47d6ea0 

Instructions: (pc=0x000000010c944df8)
0x000000010c944dd8:   00 01 00 00 48 8d 0c c8 48 39 f1 77 e7 48 8b 80
0x000000010c944de8:   08 01 00 00 48 85 c0 75 df 48 81 c7 18 01 00 00
0x000000010c944df8:   48 8b 3f 48 85 ff 74 05 48 89 f8 eb e7 30 c0 0f
0x000000010c944e08:   b6 c0 5d c3 55 48 89 e5 48 8b 8f 08 01 00 00 48 

Register to memory mapping:

RAX=0x0000000000000000 is an unknown value
RBX=0x00007f8105678b50 is a global jni handle
RCX=0x0000000000000089 is an unknown value
RDX=0x000000000000008a is an unknown value
RSP=0x00007ffee47d6c70 is an unknown value
RBP=0x00007ffee47d6c70 is an unknown value
RSI=0x00007f8105678b50 is a global jni handle
RDI=0x0000000000000038 is an unknown value
R8 =0x0000000000000000 is an unknown value
R9 =0x00000001366f82c8 is an unknown value
R10=0x0000000000000001 is an unknown value
R11=0x0000000000000000 is an unknown value
R12=0x0000000136653930 is an unknown value
R13=0x0000000136653930 is an unknown value
R14=0x00007f81092d71f8 is an unknown value
R15=0x0000000000000000 is an unknown value


Stack: [0x00007ffee3fdb000,0x00007ffee47db000],  sp=0x00007ffee47d6c70,  free space=8175k
Native frames: (J=compiled Java code, j=interpreted, Vv=VM code, C=native code)
V  [libjvm.dylib+0x344df8]
V  [libjvm.dylib+0x325a4d]
C  [libjfxwebkit.dylib+0xa9b14a]  _ZN3JSC8Bindings14JobjectWrapperD1Ev+0x1a
C  [libjfxwebkit.dylib+0xaa1b46]  _ZN3JSC8Bindings12JavaInstanceD2Ev+0x46
C  [libjfxwebkit.dylib+0xaa1bae]  _ZN3JSC8Bindings12JavaInstanceD0Ev+0xe
C  [libjfxwebkit.dylib+0xf0b00]  _ZN3JSC8Bindings10RootObject8finalizeENS_6HandleINS_7UnknownEEEPv+0x20
C  [libjfxwebkit.dylib+0xf4c5b9]  _ZN3JSC9WeakBlock5sweepEv+0x79
C  [libjfxwebkit.dylib+0xf4cb3c]  _ZN3JSC7WeakSet5sweepEv+0x3c
C  [libjfxwebkit.dylib+0xf3d1f4]  _ZN3JSC11MarkedBlock6Handle5sweepEPNS_8FreeListE+0x64
C  [libjfxwebkit.dylib+0xf3851c]  _ZN3JSC18IncrementalSweeper14sweepNextBlockEv+0x7c
C  [libjfxwebkit.dylib+0xf383d8]  _ZN3JSC18IncrementalSweeper6doWorkEv+0x28
C  [libjfxwebkit.dylib+0x123fe3f]  _ZN3JSC14JSRunLoopTimer12timerDidFireEv+0x3f
C  [CoreFoundation+0x9f468]  __CFRUNLOOP_IS_CALLING_OUT_TO_A_TIMER_CALLBACK_FUNCTION__+0x14
C  [CoreFoundation+0x9efce]  __CFRunLoopDoTimer+0x368
C  [CoreFoundation+0x9eab9]  __CFRunLoopDoTimers+0x142
C  [CoreFoundation+0x8370d]  __CFRunLoopRun+0x75d
C  [CoreFoundation+0x82953]  CFRunLoopRunSpecific+0x1d2
C  [java+0x646e]  CreateExecutionEnvironment+0x367
C  [java+0x203c]  JLI_Launch+0x7a0
C  [java+0x84cb]  main+0x65
C  [java+0x1894]  start+0x34


---------------  P R O C E S S  ---------------

VM state:at safepoint (normal execution)

VM Mutex/Monitor currently owned by a thread:  ([mutex/lock_event])
[0x00007f8100c13120] Threads_lock - owner thread: 0x00007f8101037000

Heap:
 PSYoungGen      total 76288K, used 26272K [0x000000076ab00000, 0x0000000770c80000, 0x00000007c0000000)
  eden space 64000K, 30% used [0x000000076ab00000,0x000000076be09c28,0x000000076e980000)
  from space 12288K, 55% used [0x000000076e980000,0x000000076f01e5c8,0x000000076f580000)
  to   space 11776K, 0% used [0x0000000770100000,0x0000000770100000,0x0000000770c80000)
 ParOldGen       total 128512K, used 51700K [0x00000006c0000000, 0x00000006c7d80000, 0x000000076ab00000)
  object space 128512K, 40% used [0x00000006c0000000,0x00000006c327d3c0,0x00000006c7d80000)
 Metaspace       used 37250K, capacity 38900K, committed 39168K, reserved 1083392K
  class space    used 4941K, capacity 5360K, committed 5376K, reserved 1048576K

Card table byte_map: [0x000000010d974000,0x000000010e175000] byte_map_base: 0x000000010a374000

Marking Bits: (ParMarkBitMap*) 0x000000010cef9cd0
 Begin Bits: [0x00000001201f8000, 0x00000001241f8000)
 End Bits:   [0x00000001241f8000, 0x00000001281f8000)

Polling page: 0x000000010b498000

CodeCache: size=245760Kb used=17551Kb max_used=17572Kb free=228208Kb
 bounds [0x00000001111f8000, 0x0000000112358000, 0x00000001201f8000]
 total_blobs=6142 nmethods=5345 adapters=718
 compilation: enabled

Compilation events (10 events):
Event: 74.514 Thread 0x00007f810580a000 6134       4       com.sun.javafx.sg.prism.NGRegion::renderBackgroundRectanglesDirectly (358 bytes)
Event: 74.548 Thread 0x00007f810580a000 nmethod 6134 0x0000000112339350 code [0x00000001123397a0, 0x000000011233cc20]
Event: 74.562 Thread 0x00007f8106008800 6135       4       org.jbox2d.collision.broadphase.BroadPhase::bufferMove (69 bytes)
Event: 74.563 Thread 0x00007f8106008800 nmethod 6135 0x0000000111c3a550 code [0x0000000111c3a6a0, 0x0000000111c3a7b8]
Event: 74.695 Thread 0x00007f8105809800 6136       4       org.jbox2d.dynamics.contacts.ContactSolver::init (760 bytes)
Event: 74.748 Thread 0x00007f8105809800 nmethod 6136 0x0000000112343e90 code [0x0000000112344160, 0x0000000112347058]
Event: 74.931 Thread 0x00007f810580a000 6137       4       java.lang.StringBuilder::append (8 bytes)
Event: 74.932 Thread 0x00007f8103014000 6138       3       java.util.concurrent.ThreadPoolExecutor$Worker::tryAcquire (20 bytes)
Event: 74.932 Thread 0x00007f8103014000 nmethod 6138 0x000000011181ae50 code [0x000000011181afc0, 0x000000011181b370]
Event: 74.933 Thread 0x00007f8103014000 6139       3       java.util.logging.LogManager$LoggerContext::ensureDefaultLogger (70 bytes)

GC Heap History (10 events):
Event: 9.467 GC heap before
{Heap before GC invocations=5 (full 1):
 PSYoungGen      total 76288K, used 65536K [0x000000076ab00000, 0x0000000770000000, 0x00000007c0000000)
  eden space 65536K, 100% used [0x000000076ab00000,0x000000076eb00000,0x000000076eb00000)
  from space 10752K, 0% used [0x000000076eb00000,0x000000076eb00000,0x000000076f580000)
  to   space 10752K, 0% used [0x000000076f580000,0x000000076f580000,0x0000000770000000)
 ParOldGen       total 75776K, used 9735K [0x00000006c0000000, 0x00000006c4a00000, 0x000000076ab00000)
  object space 75776K, 12% used [0x00000006c0000000,0x00000006c0981da8,0x00000006c4a00000)
 Metaspace       used 26339K, capacity 27146K, committed 27392K, reserved 1073152K
  class space    used 3217K, capacity 3498K, committed 3584K, reserved 1048576K
Event: 9.472 GC heap after
Heap after GC invocations=5 (full 1):
 PSYoungGen      total 76288K, used 4949K [0x000000076ab00000, 0x0000000770000000, 0x00000007c0000000)
  eden space 65536K, 0% used [0x000000076ab00000,0x000000076ab00000,0x000000076eb00000)
  from space 10752K, 46% used [0x000000076f580000,0x000000076fa55520,0x0000000770000000)
  to   space 10752K, 0% used [0x000000076eb00000,0x000000076eb00000,0x000000076f580000)
 ParOldGen       total 75776K, used 9743K [0x00000006c0000000, 0x00000006c4a00000, 0x000000076ab00000)
  object space 75776K, 12% used [0x00000006c0000000,0x00000006c0983da8,0x00000006c4a00000)
 Metaspace       used 26339K, capacity 27146K, committed 27392K, reserved 1073152K
  class space    used 3217K, capacity 3498K, committed 3584K, reserved 1048576K
}
Event: 10.989 GC heap before
{Heap before GC invocations=6 (full 1):
 PSYoungGen      total 76288K, used 30720K [0x000000076ab00000, 0x0000000770000000, 0x00000007c0000000)
  eden space 65536K, 39% used [0x000000076ab00000,0x000000076c42ac18,0x000000076eb00000)
  from space 10752K, 46% used [0x000000076f580000,0x000000076fa55520,0x0000000770000000)
  to   space 10752K, 0% used [0x000000076eb00000,0x000000076eb00000,0x000000076f580000)
 ParOldGen       total 75776K, used 9743K [0x00000006c0000000, 0x00000006c4a00000, 0x000000076ab00000)
  object space 75776K, 12% used [0x00000006c0000000,0x00000006c0983da8,0x00000006c4a00000)
 Metaspace       used 33980K, capacity 35424K, committed 35496K, reserved 1079296K
  class space    used 4661K, capacity 5059K, committed 5120K, reserved 1048576K
Event: 10.994 GC heap after
Heap after GC invocations=6 (full 1):
 PSYoungGen      total 74752K, used 6656K [0x000000076ab00000, 0x0000000770180000, 0x00000007c0000000)
  eden space 64000K, 0% used [0x000000076ab00000,0x000000076ab00000,0x000000076e980000)
  from space 10752K, 61% used [0x000000076eb00000,0x000000076f180030,0x000000076f580000)
  to   space 12288K, 0% used [0x000000076f580000,0x000000076f580000,0x0000000770180000)
 ParOldGen       total 75776K, used 9751K [0x00000006c0000000, 0x00000006c4a00000, 0x000000076ab00000)
  object space 75776K, 12% used [0x00000006c0000000,0x00000006c0985da8,0x00000006c4a00000)
 Metaspace       used 33980K, capacity 35424K, committed 35496K, reserved 1079296K
  class space    used 4661K, capacity 5059K, committed 5120K, reserved 1048576K
}
Event: 10.994 GC heap before
{Heap before GC invocations=7 (full 2):
 PSYoungGen      total 74752K, used 6656K [0x000000076ab00000, 0x0000000770180000, 0x00000007c0000000)
  eden space 64000K, 0% used [0x000000076ab00000,0x000000076ab00000,0x000000076e980000)
  from space 10752K, 61% used [0x000000076eb00000,0x000000076f180030,0x000000076f580000)
  to   space 12288K, 0% used [0x000000076f580000,0x000000076f580000,0x0000000770180000)
 ParOldGen       total 75776K, used 9751K [0x00000006c0000000, 0x00000006c4a00000, 0x000000076ab00000)
  object space 75776K, 12% used [0x00000006c0000000,0x00000006c0985da8,0x00000006c4a00000)
 Metaspace       used 33980K, capacity 35424K, committed 35496K, reserved 1079296K
  class space    used 4661K, capacity 5059K, committed 5120K, reserved 1048576K
Event: 11.037 GC heap after
Heap after GC invocations=7 (full 2):
 PSYoungGen      total 74752K, used 0K [0x000000076ab00000, 0x0000000770180000, 0x00000007c0000000)
  eden space 64000K, 0% used [0x000000076ab00000,0x000000076ab00000,0x000000076e980000)
  from space 10752K, 0% used [0x000000076eb00000,0x000000076eb00000,0x000000076f580000)
  to   space 12288K, 0% used [0x000000076f580000,0x000000076f580000,0x0000000770180000)
 ParOldGen       total 128512K, used 14847K [0x00000006c0000000, 0x00000006c7d80000, 0x000000076ab00000)
  object space 128512K, 11% used [0x00000006c0000000,0x00000006c0e7fcc8,0x00000006c7d80000)
 Metaspace       used 33980K, capacity 35424K, committed 35496K, reserved 1079296K
  class space    used 4661K, capacity 5059K, committed 5120K, reserved 1048576K
}
Event: 29.022 GC heap before
{Heap before GC invocations=8 (full 2):
 PSYoungGen      total 74752K, used 64000K [0x000000076ab00000, 0x0000000770180000, 0x00000007c0000000)
  eden space 64000K, 100% used [0x000000076ab00000,0x000000076e980000,0x000000076e980000)
  from space 10752K, 0% used [0x000000076eb00000,0x000000076eb00000,0x000000076f580000)
  to   space 12288K, 0% used [0x000000076f580000,0x000000076f580000,0x0000000770180000)
 ParOldGen       total 128512K, used 14847K [0x00000006c0000000, 0x00000006c7d80000, 0x000000076ab00000)
  object space 128512K, 11% used [0x00000006c0000000,0x00000006c0e7fd28,0x00000006c7d80000)
 Metaspace       used 37028K, capacity 38642K, committed 38912K, reserved 1083392K
  class space    used 4927K, capacity 5347K, committed 5376K, reserved 1048576K
Event: 29.037 GC heap after
Heap after GC invocations=8 (full 2):
 PSYoungGen      total 76288K, used 7518K [0x000000076ab00000, 0x0000000771080000, 0x00000007c0000000)
  eden space 64000K, 0% used [0x000000076ab00000,0x000000076ab00000,0x000000076e980000)
  from space 12288K, 61% used [0x000000076f580000,0x000000076fcd7988,0x0000000770180000)
  to   space 12288K, 0% used [0x000000076e980000,0x000000076e980000,0x000000076f580000)
 ParOldGen       total 128512K, used 51690K [0x00000006c0000000, 0x00000006c7d80000, 0x000000076ab00000)
  object space 128512K, 40% used [0x00000006c0000000,0x00000006c327a9e8,0x00000006c7d80000)
 Metaspace       used 37028K, capacity 38642K, committed 38912K, reserved 1083392K
  class space    used 4927K, capacity 5347K, committed 5376K, reserved 1048576K
}
Event: 67.595 GC heap before
{Heap before GC invocations=9 (full 2):
 PSYoungGen      total 76288K, used 71518K [0x000000076ab00000, 0x0000000771080000, 0x00000007c0000000)
  eden space 64000K, 100% used [0x000000076ab00000,0x000000076e980000,0x000000076e980000)
  from space 12288K, 61% used [0x000000076f580000,0x000000076fcd7988,0x0000000770180000)
  to   space 12288K, 0% used [0x000000076e980000,0x000000076e980000,0x000000076f580000)
 ParOldGen       total 128512K, used 51692K [0x00000006c0000000, 0x00000006c7d80000, 0x000000076ab00000)
  object space 128512K, 40% used [0x00000006c0000000,0x00000006c327b3c0,0x00000006c7d80000)
 Metaspace       used 37215K, capacity 38850K, committed 38912K, reserved 1083392K
  class space    used 4934K, capacity 5349K, committed 5376K, reserved 1048576K
Event: 67.599 GC heap after
Heap after GC invocations=9 (full 2):
 PSYoungGen      total 76288K, used 6777K [0x000000076ab00000, 0x0000000770c80000, 0x00000007c0000000)
  eden space 64000K, 0% used [0x000000076ab00000,0x000000076ab00000,0x000000076e980000)
  from space 12288K, 55% used [0x000000076e980000,0x000000076f01e5c8,0x000000076f580000)
  to   space 11776K, 0% used [0x0000000770100000,0x0000000770100000,0x0000000770c80000)
 ParOldGen       total 128512K, used 51700K [0x00000006c0000000, 0x00000006c7d80000, 0x000000076ab00000)
  object space 128512K, 40% used [0x00000006c0000000,0x00000006c327d3c0,0x00000006c7d80000)
 Metaspace       used 37215K, capacity 38850K, committed 38912K, reserved 1083392K
  class space    used 4934K, capacity 5349K, committed 5376K, reserved 1048576K
}

Deoptimization events (10 events):
Event: 46.826 Thread 0x00007f81058bd000 Uncommon trap: reason=class_check action=maybe_recompile pc=0x00000001121bec50 method=com.sun.javafx.geom.Path2D.<init>(Lcom/sun/javafx/geom/Shape;Lcom/sun/javafx/geom/transform/BaseTransform;)V @ 5
Event: 46.827 Thread 0x00007f81058bd000 Uncommon trap: reason=unstable_if action=reinterpret pc=0x000000011220d49c method=com.sun.prism.es2.ES2Texture.updateWrapState()V @ 24
Event: 46.838 Thread 0x00007f81092d7000 Uncommon trap: reason=unstable_if action=reinterpret pc=0x00000001121c8848 method=com.sun.webkit.graphics.Ref.deref()V @ 56
Event: 49.258 Thread 0x00007f81058bd000 Uncommon trap: reason=unstable_if action=reinterpret pc=0x0000000112241a8c method=com.sun.prism.impl.ManagedResource.bumpAge(I)V @ 7
Event: 57.393 Thread 0x00007f81058bd000 Uncommon trap: reason=class_check action=maybe_recompile pc=0x00000001121dd838 method=com.sun.prism.impl.shape.NativePiscesRasterizer.getMaskData(Lcom/sun/javafx/geom/Shape;Lcom/sun/prism/BasicStroke;Lcom/sun/javafx/geom/RectBounds;Lcom/sun/javafx/geom/tr
Event: 57.393 Thread 0x00007f81058bd000 Uncommon trap: reason=class_check action=maybe_recompile pc=0x00000001121bec50 method=com.sun.javafx.geom.Path2D.<init>(Lcom/sun/javafx/geom/Shape;Lcom/sun/javafx/geom/transform/BaseTransform;)V @ 5
Event: 74.904 Thread 0x00007f81092d7000 Uncommon trap: reason=unstable_if action=reinterpret pc=0x00000001122c24cc method=com.sun.javafx.application.PlatformImpl.checkIdle()V @ 40
Event: 74.925 Thread 0x00007f81092d7000 Uncommon trap: reason=unstable_if action=reinterpret pc=0x0000000111c28200 method=java.security.AccessControlContext.optimize()Ljava/security/AccessControlContext; @ 83
Event: 74.929 Thread 0x00007f8108be7800 Uncommon trap: reason=unstable_if action=reinterpret pc=0x0000000112303340 method=com.sun.javafx.application.PlatformImpl.runLater(Ljava/lang/Runnable;Z)V @ 48
Event: 74.932 Thread 0x00007f81058bd000 Uncommon trap: reason=unstable_if action=reinterpret pc=0x00000001122617d0 method=java.util.concurrent.locks.AbstractQueuedSynchronizer$ConditionObject.checkInterruptWhileWaiting(Ljava/util/concurrent/locks/AbstractQueuedSynchronizer$Node;)I @ 3

Classes redefined (0 events):
No events

Internal exceptions (10 events):
Event: 9.085 Thread 0x00007f8108be7800 Exception <a 'java/lang/NullPointerException'> (0x000000076e2efe80) thrown at [/Users/java_re/workspace/8-2-build-macosx-x86_64/jdk8u181/11358/hotspot/src/share/vm/interpreter/linkResolver.cpp, line 1185]
Event: 9.360 Thread 0x00007f81092d7000 Exception <a 'java/lang/NullPointerException'> (0x000000076e84db98) thrown at [/Users/java_re/workspace/8-2-build-macosx-x86_64/jdk8u181/11358/hotspot/src/share/vm/interpreter/linkResolver.cpp, line 1185]
Event: 9.360 Thread 0x00007f81092d7000 Exception <a 'java/lang/NullPointerException'> (0x000000076e84db98) thrown at [/Users/java_re/workspace/8-2-build-macosx-x86_64/jdk8u181/11358/hotspot/src/share/vm/prims/jvm.cpp, line 1439]
Event: 10.736 Thread 0x00007f81092d7000 Exception <a 'sun/nio/fs/UnixException'> (0x000000076bce0e30) thrown at [/Users/java_re/workspace/8-2-build-macosx-x86_64/jdk8u181/11358/hotspot/src/share/vm/prims/jni.cpp, line 709]
Event: 10.738 Thread 0x00007f81092d7000 Exception <a 'sun/nio/fs/UnixException'> (0x000000076bce2d10) thrown at [/Users/java_re/workspace/8-2-build-macosx-x86_64/jdk8u181/11358/hotspot/src/share/vm/prims/jni.cpp, line 709]
Event: 10.745 Thread 0x00007f81092d7000 Implicit null exception at 0x00000001114f92b6 to 0x00000001114f97c9
Event: 10.760 Thread 0x00007f810a492800 Implicit null exception at 0x000000011141baf6 to 0x000000011141bfdd
Event: 11.115 Thread 0x00007f8108bfd800 Exception <a 'java/io/FileNotFoundException'> (0x000000076ad66430) thrown at [/Users/java_re/workspace/8-2-build-macosx-x86_64/jdk8u181/11358/hotspot/src/share/vm/prims/jni.cpp, line 709]
Event: 11.115 Thread 0x00007f8108bfd800 Exception <a 'java/io/FileNotFoundException'> (0x000000076ad67110) thrown at [/Users/java_re/workspace/8-2-build-macosx-x86_64/jdk8u181/11358/hotspot/src/share/vm/prims/jni.cpp, line 709]
Event: 74.925 Thread 0x00007f81092d7000 Implicit null exception at 0x0000000111c27801 to 0x0000000111c281f1

Events (10 events):
Event: 74.932 Executing VM operation: RevokeBias done
Event: 74.932 Thread 0x00007f8108be7800 Thread exited: 0x00007f8108be7800
Event: 74.932 Thread 0x00007f81092d7000 Thread exited: 0x00007f81092d7000
Event: 74.933 Thread 0x00007f8101c12000 Thread added: 0x00007f8101c12000
Event: 74.933 Thread 0x00007f810184d800 Thread added: 0x00007f810184d800
Event: 74.933 Thread 0x00007f810aa9f800 Thread added: 0x00007f810aa9f800
Event: 74.933 Thread 0x00007f8101c12000 Thread exited: 0x00007f8101c12000
Event: 74.933 Thread 0x00007f810aa9f800 Thread exited: 0x00007f810aa9f800
Event: 74.933 Thread 0x00007f810184d800 Thread exited: 0x00007f810184d800
Event: 74.934 Executing VM operation: Exit


Dynamic libraries:
0x00007fff38917000 	/System/Library/Frameworks/Cocoa.framework/Versions/A/Cocoa
0x00007fff46148000 	/System/Library/Frameworks/Security.framework/Versions/A/Security
0x00007fff3787c000 	/System/Library/Frameworks/ApplicationServices.framework/Versions/A/ApplicationServices
0x00007fff72ec1000 	/usr/lib/libz.1.dylib
0x00007fff708f7000 	/usr/lib/libSystem.B.dylib
0x00007fff727ee000 	/usr/lib/libobjc.A.dylib
0x00007fff397ca000 	/System/Library/Frameworks/CoreFoundation.framework/Versions/A/CoreFoundation
0x00007fff3beaa000 	/System/Library/Frameworks/Foundation.framework/Versions/C/Foundation
0x00007fff36a6c000 	/System/Library/Frameworks/AppKit.framework/Versions/C/AppKit
0x00007fff3929b000 	/System/Library/Frameworks/CoreData.framework/Versions/A/CoreData
0x00007fff6a90c000 	/System/Library/PrivateFrameworks/UIFoundation.framework/Versions/A/UIFoundation
0x00007fff659a0000 	/System/Library/PrivateFrameworks/RemoteViewServices.framework/Versions/A/RemoteViewServices
0x00007fff6d467000 	/System/Library/PrivateFrameworks/XCTTargetBootstrap.framework/Versions/A/XCTTargetBootstrap
0x00007fff39697000 	/System/Library/Frameworks/CoreDisplay.framework/Versions/A/CoreDisplay
0x00007fff3ed69000 	/System/Library/Frameworks/Metal.framework/Versions/A/Metal
0x00007fff53961000 	/System/Library/PrivateFrameworks/DesktopServicesPriv.framework/Versions/A/DesktopServicesPriv
0x00007fff71ac9000 	/usr/lib/liblangid.dylib
0x00007fff52bf6000 	/System/Library/PrivateFrameworks/CoreSVG.framework/Versions/A/CoreSVG
0x00007fff68afc000 	/System/Library/PrivateFrameworks/SkyLight.framework/Versions/A/SkyLight
0x00007fff39c4c000 	/System/Library/Frameworks/CoreGraphics.framework/Versions/A/CoreGraphics
0x00007fff353db000 	/System/Library/Frameworks/Accelerate.framework/Versions/A/Accelerate
0x00007fff72db2000 	/usr/lib/libxml2.2.dylib
0x00007fff5e8ff000 	/System/Library/PrivateFrameworks/IconServices.framework/Versions/A/IconServices
0x00007fff3c689000 	/System/Library/Frameworks/IOSurface.framework/Versions/A/IOSurface
0x00007fff70421000 	/usr/lib/libDiagnosticMessagesClient.dylib
0x00007fff537bb000 	/System/Library/PrivateFrameworks/DFRFoundation.framework/Versions/A/DFRFoundation
0x00007fff71858000 	/usr/lib/libicucore.A.dylib
0x00007fff37bae000 	/System/Library/Frameworks/AudioToolbox.framework/Versions/A/AudioToolbox
0x00007fff37c91000 	/System/Library/Frameworks/AudioUnit.framework/Versions/A/AudioUnit
0x00007fff70b8f000 	/usr/lib/libauto.dylib
0x00007fff5385d000 	/System/Library/PrivateFrameworks/DataDetectorsCore.framework/Versions/A/DataDetectorsCore
0x00007fff38438000 	/System/Library/Frameworks/Carbon.framework/Versions/A/Frameworks/HIToolbox.framework/Versions/A/HIToolbox
0x00007fff45342000 	/System/Library/Frameworks/QuartzCore.framework/Versions/A/QuartzCore
0x00007fff38777000 	/System/Library/Frameworks/Carbon.framework/Versions/A/Frameworks/SpeechRecognition.framework/Versions/A/SpeechRecognition
0x00007fff532cf000 	/System/Library/PrivateFrameworks/CoreUI.framework/Versions/A/CoreUI
0x00007fff38d06000 	/System/Library/Frameworks/CoreAudio.framework/Versions/A/CoreAudio
0x00007fff3bb69000 	/System/Library/Frameworks/DiskArbitration.framework/Versions/A/DiskArbitration
0x00007fff6097b000 	/System/Library/PrivateFrameworks/MultitouchSupport.framework/Versions/A/MultitouchSupport
0x00007fff7171f000 	/usr/lib/libenergytrace.dylib
0x00007fff3c5e3000 	/System/Library/Frameworks/IOKit.framework/Versions/A/IOKit
0x00007fff3abd5000 	/System/Library/Frameworks/CoreServices.framework/Versions/A/CoreServices
0x00007fff62b33000 	/System/Library/PrivateFrameworks/PerformanceAnalysis.framework/Versions/A/PerformanceAnalysis
0x00007fff44375000 	/System/Library/Frameworks/OpenGL.framework/Versions/A/OpenGL
0x00007fff38925000 	/System/Library/Frameworks/ColorSync.framework/Versions/A/ColorSync
0x00007fff3a2f1000 	/System/Library/Frameworks/CoreImage.framework/Versions/A/CoreImage
0x00007fff3b648000 	/System/Library/Frameworks/CoreText.framework/Versions/A/CoreText
0x00007fff3c719000 	/System/Library/Frameworks/ImageIO.framework/Versions/A/ImageIO
0x00007fff70c73000 	/usr/lib/libc++.1.dylib
0x00007fff70cef000 	/usr/lib/libcompression.dylib
0x00007fff70765000 	/usr/lib/libMobileGestalt.dylib
0x00007fff6a676000 	/System/Library/PrivateFrameworks/TextureIO.framework/Versions/A/TextureIO
0x00007fff70a5c000 	/usr/lib/libate.dylib
0x00007fff5eb08000 	/System/Library/PrivateFrameworks/InternationalSupport.framework/Versions/A/InternationalSupport
0x00007fff73782000 	/usr/lib/system/libcache.dylib
0x00007fff73788000 	/usr/lib/system/libcommonCrypto.dylib
0x00007fff73794000 	/usr/lib/system/libcompiler_rt.dylib
0x00007fff7379c000 	/usr/lib/system/libcopyfile.dylib
0x00007fff737a6000 	/usr/lib/system/libcorecrypto.dylib
0x00007fff73945000 	/usr/lib/system/libdispatch.dylib
0x00007fff73986000 	/usr/lib/system/libdyld.dylib
0x00007fff739bd000 	/usr/lib/system/libkeymgr.dylib
0x00007fff739cb000 	/usr/lib/system/liblaunch.dylib
0x00007fff739cc000 	/usr/lib/system/libmacho.dylib
0x00007fff739d2000 	/usr/lib/system/libquarantine.dylib
0x00007fff739d5000 	/usr/lib/system/libremovefile.dylib
0x00007fff739d7000 	/usr/lib/system/libsystem_asl.dylib
0x00007fff739ef000 	/usr/lib/system/libsystem_blocks.dylib
0x00007fff739f0000 	/usr/lib/system/libsystem_c.dylib
0x00007fff73a78000 	/usr/lib/system/libsystem_configuration.dylib
0x00007fff73a7c000 	/usr/lib/system/libsystem_coreservices.dylib
0x00007fff73a80000 	/usr/lib/system/libsystem_darwin.dylib
0x00007fff73a89000 	/usr/lib/system/libsystem_dnssd.dylib
0x00007fff73a91000 	/usr/lib/system/libsystem_featureflags.dylib
0x00007fff73a93000 	/usr/lib/system/libsystem_info.dylib
0x00007fff73b0e000 	/usr/lib/system/libsystem_m.dylib
0x00007fff73b5a000 	/usr/lib/system/libsystem_malloc.dylib
0x00007fff73b82000 	/usr/lib/system/libsystem_networkextension.dylib
0x00007fff73b90000 	/usr/lib/system/libsystem_notify.dylib
0x00007fff73bae000 	/usr/lib/system/libsystem_sandbox.dylib
0x00007fff73bb3000 	/usr/lib/system/libsystem_secinit.dylib
0x00007fff73ae1000 	/usr/lib/system/libsystem_kernel.dylib
0x00007fff73b9a000 	/usr/lib/system/libsystem_platform.dylib
0x00007fff73ba3000 	/usr/lib/system/libsystem_pthread.dylib
0x00007fff73bb6000 	/usr/lib/system/libsystem_symptoms.dylib
0x00007fff73bbe000 	/usr/lib/system/libsystem_trace.dylib
0x00007fff73bd6000 	/usr/lib/system/libunwind.dylib
0x00007fff73bdc000 	/usr/lib/system/libxpc.dylib
0x00007fff70cc6000 	/usr/lib/libc++abi.dylib
0x00007fff71acb000 	/usr/lib/liblzma.5.dylib
0x00007fff71746000 	/usr/lib/libfakelink.dylib
0x00007fff709e9000 	/usr/lib/libarchive.2.dylib
0x00007fff471f9000 	/System/Library/Frameworks/SystemConfiguration.framework/Versions/A/SystemConfiguration
0x00007fff70354000 	/usr/lib/libCRFSuite.dylib
0x00007fff38028000 	/System/Library/Frameworks/CFNetwork.framework/Versions/A/CFNetwork
0x00007fff70c55000 	/usr/lib/libbsm.0.dylib
0x00007fff739be000 	/usr/lib/system/libkxld.dylib
0x00007fff4d138000 	/System/Library/PrivateFrameworks/AppleFSCompression.framework/Versions/A/AppleFSCompression
0x00007fff70fe1000 	/usr/lib/libcoretls.dylib
0x00007fff70ff8000 	/usr/lib/libcoretls_cfhelpers.dylib
0x00007fff72833000 	/usr/lib/libpam.2.dylib
0x00007fff72968000 	/usr/lib/libsqlite3.dylib
0x00007fff72d9f000 	/usr/lib/libxar.1.dylib
0x00007fff70c66000 	/usr/lib/libbz2.1.0.dylib
0x00007fff71767000 	/usr/lib/libiconv.2.dylib
0x00007fff70cdc000 	/usr/lib/libcharset.1.dylib
0x00007fff722d1000 	/usr/lib/libnetwork.dylib
0x00007fff7283a000 	/usr/lib/libpcap.A.dylib
0x00007fff7099e000 	/usr/lib/libapple_nghttp2.dylib
0x00007fff3af8c000 	/System/Library/Frameworks/CoreServices.framework/Versions/A/Frameworks/FSEvents.framework/Versions/A/FSEvents
0x00007fff3ac5c000 	/System/Library/Frameworks/CoreServices.framework/Versions/A/Frameworks/CarbonCore.framework/Versions/A/CarbonCore
0x00007fff3b1d0000 	/System/Library/Frameworks/CoreServices.framework/Versions/A/Frameworks/Metadata.framework/Versions/A/Metadata
0x00007fff3b269000 	/System/Library/Frameworks/CoreServices.framework/Versions/A/Frameworks/OSServices.framework/Versions/A/OSServices
0x00007fff3b297000 	/System/Library/Frameworks/CoreServices.framework/Versions/A/Frameworks/SearchKit.framework/Versions/A/SearchKit
0x00007fff3abd6000 	/System/Library/Frameworks/CoreServices.framework/Versions/A/Frameworks/AE.framework/Versions/A/AE
0x00007fff3af95000 	/System/Library/Frameworks/CoreServices.framework/Versions/A/Frameworks/LaunchServices.framework/Versions/A/LaunchServices
0x00007fff3af3e000 	/System/Library/Frameworks/CoreServices.framework/Versions/A/Frameworks/DictionaryServices.framework/Versions/A/DictionaryServices
0x00007fff3b2ff000 	/System/Library/Frameworks/CoreServices.framework/Versions/A/Frameworks/SharedFileList.framework/Versions/A/SharedFileList
0x00007fff40194000 	/System/Library/Frameworks/NetFS.framework/Versions/A/NetFS
0x00007fff60eab000 	/System/Library/PrivateFrameworks/NetAuth.framework/Versions/A/NetAuth
0x00007fff6d834000 	/System/Library/PrivateFrameworks/login.framework/Versions/A/Frameworks/loginsupport.framework/Versions/A/loginsupport
0x00007fff6a141000 	/System/Library/PrivateFrameworks/TCC.framework/Versions/A/TCC
0x00007fff51d69000 	/System/Library/PrivateFrameworks/CoreNLP.framework/Versions/A/CoreNLP
0x00007fff6037c000 	/System/Library/PrivateFrameworks/MetadataUtilities.framework/Versions/A/MetadataUtilities
0x00007fff71ba3000 	/usr/lib/libmecabra.dylib
0x00007fff71afb000 	/usr/lib/libmecab.dylib
0x00007fff71757000 	/usr/lib/libgermantok.dylib
0x00007fff70985000 	/usr/lib/libThaiTokenizer.dylib
0x00007fff7038b000 	/usr/lib/libChineseTokenizer.dylib
0x00007fff353f4000 	/System/Library/Frameworks/Accelerate.framework/Versions/A/Frameworks/vImage.framework/Versions/A/vImage
0x00007fff368c2000 	/System/Library/Frameworks/Accelerate.framework/Versions/A/Frameworks/vecLib.framework/Versions/A/vecLib
0x00007fff36743000 	/System/Library/Frameworks/Accelerate.framework/Versions/A/Frameworks/vecLib.framework/Versions/A/libvMisc.dylib
0x00007fff365b0000 	/System/Library/Frameworks/Accelerate.framework/Versions/A/Frameworks/vecLib.framework/Versions/A/libvDSP.dylib
0x00007fff35c90000 	/System/Library/Frameworks/Accelerate.framework/Versions/A/Frameworks/vecLib.framework/Versions/A/libBLAS.dylib
0x00007fff36168000 	/System/Library/Frameworks/Accelerate.framework/Versions/A/Frameworks/vecLib.framework/Versions/A/libLAPACK.dylib
0x00007fff36510000 	/System/Library/Frameworks/Accelerate.framework/Versions/A/Frameworks/vecLib.framework/Versions/A/libLinearAlgebra.dylib
0x00007fff3659d000 	/System/Library/Frameworks/Accelerate.framework/Versions/A/Frameworks/vecLib.framework/Versions/A/libSparseBLAS.dylib
0x00007fff36526000 	/System/Library/Frameworks/Accelerate.framework/Versions/A/Frameworks/vecLib.framework/Versions/A/libQuadrature.dylib
0x00007fff35e26000 	/System/Library/Frameworks/Accelerate.framework/Versions/A/Frameworks/vecLib.framework/Versions/A/libBNNS.dylib
0x00007fff3652c000 	/System/Library/Frameworks/Accelerate.framework/Versions/A/Frameworks/vecLib.framework/Versions/A/libSparse.dylib
0x00007fff5eef0000 	/System/Library/PrivateFrameworks/LanguageModeling.framework/Versions/A/LanguageModeling
0x00007fff51719000 	/System/Library/PrivateFrameworks/CoreEmoji.framework/Versions/A/CoreEmoji
0x00007fff5f00e000 	/System/Library/PrivateFrameworks/LinguisticData.framework/Versions/A/LinguisticData
0x00007fff5efbf000 	/System/Library/PrivateFrameworks/Lexicon.framework/Versions/A/Lexicon
0x00007fff70cdd000 	/usr/lib/libcmph.dylib
0x00007fff42d83000 	/System/Library/Frameworks/OpenDirectory.framework/Versions/A/Frameworks/CFOpenDirectory.framework/Versions/A/CFOpenDirectory
0x00007fff42da0000 	/System/Library/Frameworks/OpenDirectory.framework/Versions/A/OpenDirectory
0x00007fff4b1e3000 	/System/Library/PrivateFrameworks/APFS.framework/Versions/A/APFS
0x00007fff46492000 	/System/Library/Frameworks/SecurityFoundation.framework/Versions/A/SecurityFoundation
0x00007fff72d9b000 	/usr/lib/libutil.dylib
0x00007fff52c4e000 	/System/Library/PrivateFrameworks/CoreServicesStore.framework/Versions/A/CoreServicesStore
0x00007fff46549000 	/System/Library/Frameworks/ServiceManagement.framework/Versions/A/ServiceManagement
0x00007fff4e908000 	/System/Library/PrivateFrameworks/BackgroundTaskManagement.framework/Versions/A/BackgroundTaskManagement
0x00007fff72e98000 	/usr/lib/libxslt.1.dylib
0x00007fff4d7ab000 	/System/Library/PrivateFrameworks/AppleSystemInfo.framework/Versions/A/AppleSystemInfo
0x00007fff3c937000 	/System/Library/Frameworks/ImageIO.framework/Versions/A/Resources/libJPEG.dylib
0x00007fff3cbf7000 	/System/Library/Frameworks/ImageIO.framework/Versions/A/Resources/libTIFF.dylib
0x00007fff3cbda000 	/System/Library/Frameworks/ImageIO.framework/Versions/A/Resources/libPng.dylib
0x00007fff3c879000 	/System/Library/Frameworks/ImageIO.framework/Versions/A/Resources/libGIF.dylib
0x00007fff3c87d000 	/System/Library/Frameworks/ImageIO.framework/Versions/A/Resources/libJP2.dylib
0x00007fff3cbf5000 	/System/Library/Frameworks/ImageIO.framework/Versions/A/Resources/libRadiance.dylib
0x00007fff71720000 	/usr/lib/libexpat.1.dylib
0x00007fff4d293000 	/System/Library/PrivateFrameworks/AppleJPEG.framework/Versions/A/AppleJPEG
0x00007fff55f64000 	/System/Library/PrivateFrameworks/FontServices.framework/libFontParser.dylib
0x00007fff6c836000 	/System/Library/PrivateFrameworks/WatchdogClient.framework/Versions/A/WatchdogClient
0x00007fff5e54b000 	/System/Library/PrivateFrameworks/IOAccelerator.framework/Versions/A/IOAccelerator
0x00007fff3f104000 	/System/Library/Frameworks/MetalPerformanceShaders.framework/Versions/A/MetalPerformanceShaders
0x00007fff5ace1000 	/System/Library/PrivateFrameworks/GPUWrangler.framework/Versions/A/GPUWrangler
0x00007fff5e560000 	/System/Library/PrivateFrameworks/IOPresentment.framework/Versions/A/IOPresentment
0x00007fff537ce000 	/System/Library/PrivateFrameworks/DSExternalDisplay.framework/Versions/A/DSExternalDisplay
0x00007fff43714000 	/System/Library/Frameworks/OpenGL.framework/Versions/A/Libraries/libCoreFSCache.dylib
0x00007fff3ee50000 	/System/Library/Frameworks/MetalPerformanceShaders.framework/Frameworks/MPSCore.framework/Versions/A/MPSCore
0x00007fff3ee8e000 	/System/Library/Frameworks/MetalPerformanceShaders.framework/Frameworks/MPSImage.framework/Versions/A/MPSImage
0x00007fff3ef55000 	/System/Library/Frameworks/MetalPerformanceShaders.framework/Frameworks/MPSNeuralNetwork.framework/Versions/A/MPSNeuralNetwork
0x00007fff3ef19000 	/System/Library/Frameworks/MetalPerformanceShaders.framework/Frameworks/MPSMatrix.framework/Versions/A/MPSMatrix
0x00007fff3f0b4000 	/System/Library/Frameworks/MetalPerformanceShaders.framework/Frameworks/MPSRayIntersector.framework/Versions/A/MPSRayIntersector
0x00007fff3ef3f000 	/System/Library/Frameworks/MetalPerformanceShaders.framework/Frameworks/MPSNDArray.framework/Versions/A/MPSNDArray
0x00007fff603c9000 	/System/Library/PrivateFrameworks/MetalTools.framework/Versions/A/MetalTools
0x00007fff4c3bd000 	/System/Library/PrivateFrameworks/AggregateDictionary.framework/Versions/A/AggregateDictionary
0x00007fff51161000 	/System/Library/PrivateFrameworks/CoreAnalytics.framework/Versions/A/CoreAnalytics
0x00007fff4d6ca000 	/System/Library/PrivateFrameworks/AppleSauce.framework/Versions/A/AppleSauce
0x00007fff70647000 	/usr/lib/libIOReport.dylib
0x00007fff3b800000 	/System/Library/Frameworks/CoreVideo.framework/Versions/A/CoreVideo
0x00007fff5c15a000 	/System/Library/PrivateFrameworks/GraphVisualizer.framework/Versions/A/GraphVisualizer
0x00007fff554aa000 	/System/Library/PrivateFrameworks/FaceCore.framework/Versions/A/FaceCore
0x00007fff42d2a000 	/System/Library/Frameworks/OpenCL.framework/Versions/A/OpenCL
0x00007fff70469000 	/usr/lib/libFosl_dynamic.dylib
0x00007fff618cb000 	/System/Library/PrivateFrameworks/OTSVG.framework/Versions/A/OTSVG
0x00007fff37981000 	/System/Library/Frameworks/ApplicationServices.framework/Versions/A/Frameworks/ATS.framework/Versions/A/Resources/libFontRegistry.dylib
0x00007fff56135000 	/System/Library/PrivateFrameworks/FontServices.framework/libhvf.dylib
0x00007fff4371f000 	/System/Library/Frameworks/OpenGL.framework/Versions/A/Libraries/libGFXShared.dylib
0x00007fff438fd000 	/System/Library/Frameworks/OpenGL.framework/Versions/A/Libraries/libGLU.dylib
0x00007fff43728000 	/System/Library/Frameworks/OpenGL.framework/Versions/A/Libraries/libGL.dylib
0x00007fff43733000 	/System/Library/Frameworks/OpenGL.framework/Versions/A/Libraries/libGLImage.dylib
0x00007fff43711000 	/System/Library/Frameworks/OpenGL.framework/Versions/A/Libraries/libCVMSPluginSupport.dylib
0x00007fff4371a000 	/System/Library/Frameworks/OpenGL.framework/Versions/A/Libraries/libCoreVMClient.dylib
0x00007fff72172000 	/usr/lib/libncurses.5.4.dylib
0x00007fff3787d000 	/System/Library/Frameworks/ApplicationServices.framework/Versions/A/Frameworks/ATS.framework/Versions/A/ATS
0x00007fff37a4a000 	/System/Library/Frameworks/ApplicationServices.framework/Versions/A/Frameworks/ColorSyncLegacy.framework/Versions/A/ColorSyncLegacy
0x00007fff37ae8000 	/System/Library/Frameworks/ApplicationServices.framework/Versions/A/Frameworks/HIServices.framework/Versions/A/HIServices
0x00007fff37b40000 	/System/Library/Frameworks/ApplicationServices.framework/Versions/A/Frameworks/LangAnalysis.framework/Versions/A/LangAnalysis
0x00007fff37b4f000 	/System/Library/Frameworks/ApplicationServices.framework/Versions/A/Frameworks/PrintCore.framework/Versions/A/PrintCore
0x00007fff37b95000 	/System/Library/Frameworks/ApplicationServices.framework/Versions/A/Frameworks/QD.framework/Versions/A/QD
0x00007fff37ba0000 	/System/Library/Frameworks/ApplicationServices.framework/Versions/A/Frameworks/SpeechSynthesis.framework/Versions/A/SpeechSynthesis
0x00007fff37a1a000 	/System/Library/Frameworks/ApplicationServices.framework/Versions/A/Frameworks/ATSUI.framework/Versions/A/ATSUI
0x00007fff715b6000 	/usr/lib/libcups.2.dylib
0x00007fff3e19f000 	/System/Library/Frameworks/Kerberos.framework/Versions/A/Kerberos
0x00007fff3c2dc000 	/System/Library/Frameworks/GSS.framework/Versions/A/GSS
0x00007fff728f4000 	/usr/lib/libresolv.9.dylib
0x00007fff5c307000 	/System/Library/PrivateFrameworks/Heimdal.framework/Versions/A/Heimdal
0x00007fff3e1b2000 	/System/Library/Frameworks/Kerberos.framework/Versions/A/Libraries/libHeimdalProxy.dylib
0x00007fff7175d000 	/usr/lib/libheimdal-asn1.dylib
0x00007fff505f9000 	/System/Library/PrivateFrameworks/CommonAuth.framework/Versions/A/CommonAuth
0x00007fff4d848000 	/System/Library/PrivateFrameworks/AssertionServices.framework/Versions/A/AssertionServices
0x00007fff4e3eb000 	/System/Library/PrivateFrameworks/AudioToolboxCore.framework/Versions/A/AudioToolboxCore
0x00007fff6d4e4000 	/System/Library/PrivateFrameworks/caulk.framework/Versions/A/caulk
0x00007fff4e9b4000 	/System/Library/PrivateFrameworks/BaseBoard.framework/Versions/A/BaseBoard
0x00007fff65b2e000 	/System/Library/PrivateFrameworks/RunningBoardServices.framework/Versions/A/RunningBoardServices
0x00007fff62b3f000 	/System/Library/PrivateFrameworks/PersistentConnection.framework/Versions/A/PersistentConnection
0x00007fff65527000 	/System/Library/PrivateFrameworks/ProtocolBuffer.framework/Versions/A/ProtocolBuffer
0x00007fff5061d000 	/System/Library/PrivateFrameworks/CommonUtilities.framework/Versions/A/CommonUtilities
0x00007fff4eb42000 	/System/Library/PrivateFrameworks/Bom.framework/Versions/A/Bom
0x00007fff7031a000 	/usr/lib/libAudioToolboxUtility.dylib
0x00007fff4e912000 	/System/Library/PrivateFrameworks/Backup.framework/Versions/A/Backup
0x00007fff536ef000 	/System/Library/PrivateFrameworks/CrashReporterSupport.framework/Versions/A/CrashReporterSupport
0x00007fff675c0000 	/System/Library/PrivateFrameworks/Sharing.framework/Versions/A/Sharing
0x00007fff4ce56000 	/System/Library/PrivateFrameworks/Apple80211.framework/Versions/A/Apple80211
0x00007fff4e62f000 	/System/Library/PrivateFrameworks/AuthKit.framework/Versions/A/AuthKit
0x00007fff533fc000 	/System/Library/PrivateFrameworks/CoreUtils.framework/Versions/A/CoreUtils
0x00007fff3b845000 	/System/Library/Frameworks/CoreWLAN.framework/Versions/A/CoreWLAN
0x00007fff3c469000 	/System/Library/Frameworks/IOBluetooth.framework/Versions/A/IOBluetooth
0x00007fff606fa000 	/System/Library/PrivateFrameworks/MobileKeyBag.framework/Versions/A/MobileKeyBag
0x00007fff52201000 	/System/Library/PrivateFrameworks/CorePhoneNumbers.framework/Versions/A/CorePhoneNumbers
0x00007fff4d246000 	/System/Library/PrivateFrameworks/AppleIDAuthSupport.framework/Versions/A/AppleIDAuthSupport
0x00007fff401a1000 	/System/Library/Frameworks/Network.framework/Versions/A/Network
0x00007fff5ed9c000 	/System/Library/PrivateFrameworks/KeychainCircle.framework/Versions/A/KeychainCircle
0x00007fff39262000 	/System/Library/Frameworks/CoreBluetooth.framework/Versions/A/CoreBluetooth
0x00007fff6963f000 	/System/Library/PrivateFrameworks/SpeechRecognitionCore.framework/Versions/A/SpeechRecognitionCore
0x000000010c600000 	/Library/Java/JavaVirtualMachines/jdk1.8.0_181.jdk/Contents/Home/jre/lib/server/libjvm.dylib
0x00007fff72c6e000 	/usr/lib/libstdc++.6.dylib
0x000000010b454000 	/Library/Java/JavaVirtualMachines/jdk1.8.0_181.jdk/Contents/Home/jre/lib/libverify.dylib
0x000000010b462000 	/Library/Java/JavaVirtualMachines/jdk1.8.0_181.jdk/Contents/Home/jre/lib/libjava.dylib
0x000000010b499000 	/Library/Java/JavaVirtualMachines/jdk1.8.0_181.jdk/Contents/Home/jre/lib/libjdwp.dylib
0x000000010b4e4000 	/Library/Java/JavaVirtualMachines/jdk1.8.0_181.jdk/Contents/Home/jre/lib/libnpt.dylib
0x000000010b531000 	/Library/Java/JavaVirtualMachines/jdk1.8.0_181.jdk/Contents/Home/jre/lib/libzip.dylib
0x000000010b59a000 	/Library/Java/JavaVirtualMachines/jdk1.8.0_181.jdk/Contents/Home/jre/lib/libdt_socket.dylib
0x000000010f903000 	/Applications/NetBeans/Apache NetBeans 12.2.app/Contents/Resources/NetBeans/netbeans/java/maven/lib/jansi-native/osx/libjansi.jnilib
0x000000010ff70000 	/Library/Java/JavaVirtualMachines/jdk1.8.0_181.jdk/Contents/Home/jre/lib/libnet.dylib
0x000000010ff87000 	/Library/Java/JavaVirtualMachines/jdk1.8.0_181.jdk/Contents/Home/jre/lib/libnio.dylib
0x000000011019c000 	/Library/Java/JavaVirtualMachines/jdk1.8.0_181.jdk/Contents/Home/jre/lib/libsunec.dylib
0x00007fff72d40000 	/usr/lib/libusrtcp.dylib
0x00000001108d8000 	/Library/Java/JavaVirtualMachines/jdk1.8.0_181.jdk/Contents/Home/jre/lib/libprism_es2.dylib
0x00007fff52c1a000 	/System/Library/PrivateFrameworks/CoreServicesInternal.framework/Versions/A/CoreServicesInternal
0x00007fff44385000 	/System/Library/Frameworks/OpenGL.framework/Versions/A/Resources/GLEngine.bundle/GLEngine
0x00007fff43768000 	/System/Library/Frameworks/OpenGL.framework/Versions/A/Libraries/libGLProgrammability.dylib
0x00007fff2f177000 	/System/Library/Extensions/AppleIntelHD4000GraphicsGLDriver.bundle/Contents/MacOS/AppleIntelHD4000GraphicsGLDriver
0x00007fff5acd5000 	/System/Library/PrivateFrameworks/GPUSupport.framework/Versions/A/Libraries/libGPUSupportMercury.dylib
0x00007fff33e55000 	/System/Library/Extensions/GeForceGLDriver.bundle/Contents/MacOS/GeForceGLDriver
0x00007fff34762000 	/System/Library/Extensions/GeForceGLDriver.bundle/Contents/MacOS/libclh.dylib
0x00007fff444ff000 	/System/Library/Frameworks/OpenGL.framework/Versions/A/Resources/GLRendererFloat.bundle/GLRendererFloat
0x00007fff42d21000 	/System/Library/Frameworks/OpenCL.framework/Versions/A/Libraries/libcldcpuengine.dylib
0x0000000110cc8000 	/Library/Java/JavaVirtualMachines/jdk1.8.0_181.jdk/Contents/Home/jre/lib/libglass.dylib
0x00007fff3bd64000 	/System/Library/Frameworks/FileProvider.framework/Versions/A/FileProvider
0x00007fff368c3000 	/System/Library/Frameworks/Accounts.framework/Versions/A/Accounts
0x00007fff5b006000 	/System/Library/PrivateFrameworks/GenerationalStorage.framework/Versions/A/GenerationalStorage
0x00007fff531a1000 	/System/Library/PrivateFrameworks/CoreSymbolication.framework/Versions/A/CoreSymbolication
0x00007fff69e81000 	/System/Library/PrivateFrameworks/SymptomDiagnosticReporter.framework/Versions/A/SymptomDiagnosticReporter
0x00007fff4c95a000 	/System/Library/PrivateFrameworks/AppContainer.framework/Versions/A/AppContainer
0x00007fff7290e000 	/usr/lib/libsandbox.1.dylib
0x00007fff6b7da000 	/System/Library/PrivateFrameworks/UserManagement.framework/Versions/A/UserManagement
0x00007fff4f6fe000 	/System/Library/PrivateFrameworks/ChunkingLibrary.framework/Versions/A/ChunkingLibrary
0x00007fff53923000 	/System/Library/PrivateFrameworks/DebugSymbols.framework/Versions/A/DebugSymbols
0x00007fff4c9cc000 	/System/Library/PrivateFrameworks/AppSandbox.framework/Versions/A/AppSandbox
0x00007fff6744a000 	/System/Library/PrivateFrameworks/SecCodeWrapper.framework/Versions/A/SecCodeWrapper
0x00007fff7072f000 	/usr/lib/libMatch.1.dylib
0x00007fff2c846000 	/System/Library/CoreServices/RawCamera.bundle/Contents/MacOS/RawCamera
0x00007fff604f8000 	/System/Library/PrivateFrameworks/MobileAsset.framework/Versions/A/MobileAsset
0x00007fff69d29000 	/System/Library/PrivateFrameworks/StreamingZip.framework/Versions/A/StreamingZip
0x00007fff3e61a000 	/System/Library/Frameworks/MediaToolbox.framework/Versions/A/MediaToolbox
0x00007fff51111000 	/System/Library/PrivateFrameworks/CoreAVCHD.framework/Versions/A/CoreAVCHD
0x00007fff3e544000 	/System/Library/Frameworks/MediaAccessibility.framework/Versions/A/MediaAccessibility
0x00007fff5f8ac000 	/System/Library/PrivateFrameworks/Mangrove.framework/Versions/A/Mangrove
0x00007fff3aa0d000 	/System/Library/Frameworks/CoreMedia.framework/Versions/A/CoreMedia
0x00007fff5fb18000 	/System/Library/PrivateFrameworks/MediaExperience.framework/Versions/A/MediaExperience
0x00007fff474f3000 	/System/Library/Frameworks/VideoToolbox.framework/Versions/A/VideoToolbox
0x00007fff50d3b000 	/System/Library/PrivateFrameworks/CoreAUC.framework/Versions/A/CoreAUC
0x00007fff72966000 	/usr/lib/libspindump.dylib
0x00007fff4dd9a000 	/System/Library/PrivateFrameworks/AudioResourceArbitration.framework/Versions/A/AudioResourceArbitration
0x00007fff4d7af000 	/System/Library/PrivateFrameworks/AppleVA.framework/Versions/A/AppleVA
0x00007fff353dc000 	/System/Library/Frameworks/Accelerate.framework/Versions/A/Frameworks/vImage.framework/Versions/A/Libraries/libCGInterfaces.dylib
0x000000012afde000 	/usr/lib/libobjc-trampolines.dylib
0x00007fff558d4000 	/System/Library/PrivateFrameworks/FamilyControls.framework/Versions/A/FamilyControls
0x00007fff505ed000 	/System/Library/PrivateFrameworks/CommerceKit.framework/Versions/A/Frameworks/CommerceCore.framework/Versions/A/CommerceCore
0x00007fff69efb000 	/System/Library/PrivateFrameworks/SystemAdministration.framework/Versions/A/SystemAdministration
0x00007fff53e61000 	/System/Library/PrivateFrameworks/DiskManagement.framework/Versions/A/DiskManagement
0x00007fff3ba8e000 	/System/Library/Frameworks/DirectoryService.framework/Versions/A/DirectoryService
0x00007fff53d98000 	/System/Library/PrivateFrameworks/DiskImages.framework/Versions/A/DiskImages
0x00007fff5f0b7000 	/System/Library/PrivateFrameworks/LoginUIKit.framework/Versions/A/Frameworks/LoginUICore.framework/Versions/A/LoginUICore
0x00007fff70396000 	/usr/lib/libCoreStorage.dylib
0x00007fff715a3000 	/usr/lib/libcsfde.dylib
0x00007fff72821000 	/usr/lib/libodfde.dylib
0x00007fff5fba3000 	/System/Library/PrivateFrameworks/MediaKit.framework/Versions/A/MediaKit
0x00007fff3ba9a000 	/System/Library/Frameworks/DiscRecording.framework/Versions/A/DiscRecording
0x00007fff54017000 	/System/Library/PrivateFrameworks/EFILogin.framework/Versions/A/EFILogin
0x00007fff654cc000 	/System/Library/PrivateFrameworks/ProtectedCloudStorage.framework/Versions/A/ProtectedCloudStorage
0x00007fff71617000 	/usr/lib/libcurl.4.dylib
0x00007fff7149c000 	/usr/lib/libcrypto.44.dylib
0x00007fff72c3e000 	/usr/lib/libssl.46.dylib
0x00007fff3e1b3000 	/System/Library/Frameworks/LDAP.framework/Versions/A/LDAP
0x00007fff6a8d3000 	/System/Library/PrivateFrameworks/TrustEvaluationAgent.framework/Versions/A/TrustEvaluationAgent
0x00007fff72953000 	/usr/lib/libsasl2.2.dylib
0x00007fff5148d000 	/System/Library/PrivateFrameworks/CoreDaemon.framework/Versions/B/CoreDaemon
0x00007fff4d6c5000 	/System/Library/PrivateFrameworks/AppleSRP.framework/Versions/A/AppleSRP
0x00007fff6c5a6000 	/System/Library/PrivateFrameworks/ViewBridge.framework/Versions/A/ViewBridge
0x000000012c853000 	/Library/Java/JavaVirtualMachines/jdk1.8.0_181.jdk/Contents/Home/jre/lib/libosx.dylib
0x000000012c861000 	/Library/Java/JavaVirtualMachines/jdk1.8.0_181.jdk/Contents/Home/jre/lib/libosxapp.dylib
0x00007fff3e189000 	/System/Library/Frameworks/JavaVM.framework/Versions/A/Frameworks/JavaNativeFoundation.framework/Versions/A/JavaNativeFoundation
0x00007fff3e192000 	/System/Library/Frameworks/JavaVM.framework/Versions/A/Frameworks/JavaRuntimeSupport.framework/Versions/A/JavaRuntimeSupport
0x00007fff38433000 	/System/Library/Frameworks/Carbon.framework/Versions/A/Carbon
0x00007fff3bd45000 	/System/Library/Frameworks/ExceptionHandling.framework/Versions/A/ExceptionHandling
0x00007fff38434000 	/System/Library/Frameworks/Carbon.framework/Versions/A/Frameworks/CommonPanels.framework/Versions/A/CommonPanels
0x00007fff3872d000 	/System/Library/Frameworks/Carbon.framework/Versions/A/Frameworks/Help.framework/Versions/A/Help
0x00007fff38731000 	/System/Library/Frameworks/Carbon.framework/Versions/A/Frameworks/ImageCapture.framework/Versions/A/ImageCapture
0x00007fff38738000 	/System/Library/Frameworks/Carbon.framework/Versions/A/Frameworks/OpenScripting.framework/Versions/A/OpenScripting
0x00007fff38737000 	/System/Library/Frameworks/Carbon.framework/Versions/A/Frameworks/Ink.framework/Versions/A/Ink
0x00007fff38773000 	/System/Library/Frameworks/Carbon.framework/Versions/A/Frameworks/Print.framework/Versions/A/Print
0x00007fff38774000 	/System/Library/Frameworks/Carbon.framework/Versions/A/Frameworks/SecurityHI.framework/Versions/A/SecurityHI
0x00007fff3e19a000 	/System/Library/Frameworks/JavaVM.framework/Versions/A/JavaVM
0x00007fff5ebb3000 	/System/Library/PrivateFrameworks/JavaLaunching.framework/Versions/A/JavaLaunching
0x000000012c87d000 	/Library/Java/JavaVirtualMachines/jdk1.8.0_181.jdk/Contents/Home/jre/lib/libjavafx_font.dylib
0x00007fff5609c000 	/System/Library/PrivateFrameworks/FontServices.framework/libTrueTypeScaler.dylib
0x00007fff6d837000 	/System/Library/PrivateFrameworks/login.framework/Versions/A/login
0x00007fff2f675000 	/System/Library/Extensions/AppleIntelHD4000GraphicsMTLDriver.bundle/Contents/MacOS/AppleIntelHD4000GraphicsMTLDriver
0x00007fff34e3a000 	/System/Library/Extensions/GeForceMTLDriver.bundle/Contents/MacOS/GeForceMTLDriver
0x00007fff59626000 	/System/Library/PrivateFrameworks/GPUCompiler.framework/Versions/3902/Libraries/libmetal_timestamp.dylib
0x00007fff5c186000 	/System/Library/PrivateFrameworks/HDRProcessing.framework/Versions/A/HDRProcessing
0x0000000131958000 	/Library/Java/JavaVirtualMachines/jdk1.8.0_181.jdk/Contents/Home/jre/lib/libjfxwebkit.dylib
0x000000013b472000 	/Library/Java/JavaVirtualMachines/jdk1.8.0_181.jdk/Contents/Home/jre/lib/libprism_common.dylib

VM Arguments:
jvm_args: -agentlib:jdwp=transport=dt_socket,server=n,address=65014 -Dclassworlds.conf=/Applications/NetBeans/Apache NetBeans 12.2.app/Contents/Resources/NetBeans/netbeans/java/maven/bin/m2.conf -Dmaven.home=/Applications/NetBeans/Apache NetBeans 12.2.app/Contents/Resources/NetBeans/netbeans/java/maven -Dlibrary.jansi.path=/Applications/NetBeans/Apache NetBeans 12.2.app/Contents/Resources/NetBeans/netbeans/java/maven/lib/jansi-native -Dmaven.multiModuleProjectDirectory=/Users/antonepple/Entwicklung/DukeScript/FXGameEngine/demos/hello-world-physics 
java_command: org.codehaus.plexus.classworlds.launcher.Launcher -Djpda.listen=maven -Dnetbeans.inspect.port=50584 -Djpda.address=65014 -Dmaven.ext.class.path=/Applications/NetBeans/Apache NetBeans 12.2.app/Contents/Resources/NetBeans/netbeans/java/maven-nblib/netbeans-eventspy.jar process-classes exec:java
java_class_path (initial): /Applications/NetBeans/Apache NetBeans 12.2.app/Contents/Resources/NetBeans/netbeans/java/maven/boot/plexus-classworlds-2.6.0.jar
Launcher Type: SUN_STANDARD

Environment Variables:
JAVA_HOME=/Library/Java/JavaVirtualMachines/jdk1.8.0_181.jdk/Contents/Home
PATH=/usr/bin:/bin:/usr/sbin:/sbin
SHELL=/bin/zsh

Signal Handlers:
SIGSEGV: [libjvm.dylib+0x5b6029], sa_mask[0]=11111111011111110111111111111111, sa_flags=SA_ONSTACK|SA_RESTART|SA_SIGINFO
SIGBUS: [libjvm.dylib+0x5b6029], sa_mask[0]=11111111011111110111111111111111, sa_flags=SA_RESTART|SA_SIGINFO
SIGFPE: [libjvm.dylib+0x48b934], sa_mask[0]=11111111011111110111111111111111, sa_flags=SA_RESTART|SA_SIGINFO
SIGPIPE: [libjvm.dylib+0x48b934], sa_mask[0]=11111111011111110111111111111111, sa_flags=SA_RESTART|SA_SIGINFO
SIGXFSZ: [libjvm.dylib+0x48b934], sa_mask[0]=11111111011111110111111111111111, sa_flags=SA_RESTART|SA_SIGINFO
SIGILL: [libjvm.dylib+0x48b934], sa_mask[0]=11111111011111110111111111111111, sa_flags=SA_RESTART|SA_SIGINFO
SIGUSR1: SIG_DFL, sa_mask[0]=00000000000000000000000000000000, sa_flags=none
SIGUSR2: [libjvm.dylib+0x48b452], sa_mask[0]=00100000000000000000000000000000, sa_flags=SA_RESTART|SA_SIGINFO
SIGHUP: [libjvm.dylib+0x489a1d], sa_mask[0]=11111111011111110111111111111111, sa_flags=SA_RESTART|SA_SIGINFO
SIGINT: SIG_IGN, sa_mask[0]=00000000000000000000000000000000, sa_flags=none
SIGTERM: [libjvm.dylib+0x489a1d], sa_mask[0]=11111111011111110111111111111111, sa_flags=SA_RESTART|SA_SIGINFO
SIGQUIT: [libjvm.dylib+0x489a1d], sa_mask[0]=11111111011111110111111111111111, sa_flags=SA_RESTART|SA_SIGINFO


---------------  S Y S T E M  ---------------

OS:Bsduname:Darwin 19.6.0 Darwin Kernel Version 19.6.0: Thu Oct 29 22:56:45 PDT 2020; root:xnu-6153.141.2.2~1/RELEASE_X86_64 x86_64
rlimit: STACK 8192k, CORE 0k, NPROC 2784, NOFILE 10240, AS infinity
load average:2.91 2.51 2.10

CPU:total 8 (initial active 8) (4 cores per cpu, 2 threads per core) family 6 model 58 stepping 9, cmov, cx8, fxsr, mmx, sse, sse2, sse3, ssse3, sse4.1, sse4.2, popcnt, avx, aes, clmul, erms, ht, tsc, tscinvbit, tscinv

Memory: 4k page, physical 16777216k(2087500k free)

/proc/meminfo:


vm_info: Java HotSpot(TM) 64-Bit Server VM (25.181-b13) for bsd-amd64 JRE (1.8.0_181-b13), built on Jul  7 2018 01:02:31 by "java_re" with gcc 4.2.1 (Based on Apple Inc. build 5658) (LLVM build 2336.11.00)

time: Sat Apr 10 08:54:48 2021
elapsed time: 75 seconds (0d 0h 1m 15s)

