#
# A fatal error has been detected by the Java Runtime Environment:
#
#  SIGSEGV (0xb) at pc=0x000000010235c6fe, pid=1781, tid=3339
#
# JRE version: Java(TM) SE Runtime Environment (8.0-b132) (build 1.8.0-b132)
# Java VM: Java HotSpot(TM) 64-Bit Server VM (25.0-b70 mixed mode bsd-amd64 compressed oops)
# Problematic frame:
# V  [libjvm.dylib+0x15c6fe]
#
# Failed to write core dump. Core dumps have been disabled. To enable core dumping, try "ulimit -c unlimited" before starting Java again
#
# If you would like to submit a bug report, please visit:
#   http://bugreport.sun.com/bugreport/crash.jsp
#

---------------  T H R E A D  ---------------

Current thread is native thread

siginfo:si_signo=SIGSEGV: si_errno=0, si_code=1 (SEGV_MAPERR), si_addr=0x0000000000000258

Registers:
RAX=0x0000000000000000, RBX=0x0000000000000000, RCX=0x000000012b50aa30, RDX=0x0000000000000000
RSP=0x00007fff5eb51ec0, RBP=0x00007fff5eb51ed0, RSI=0x0000000000000006, RDI=0x00007fff5eb51ee8
R8 =0x0000000054296b7f, R9 =0x00007fb29d3b62b0, R10=0x00000000b9479cbf, R11=0x0000000005fd0028
R12=0x00007fff5eb51ee8, R13=0x0000000126558048, R14=0x00007fb2945729e0, R15=0x0000000000000000
RIP=0x000000010235c6fe, EFLAGS=0x0000000000010246, ERR=0x0000000000000006
  TRAPNO=0x000000000000000e

Top of Stack: (sp=0x00007fff5eb51ec0)
0x00007fff5eb51ec0:   00007fb29a3ba270 00007fb2945729e0
0x00007fff5eb51ed0:   00007fff5eb51f10 00000001024e9d66
0x00007fff5eb51ee0:   00000001010c6a00 0000000000000000
0x00007fff5eb51ef0:   00007fb29d50c3c0 0000000126558030
0x00007fff5eb51f00:   00007fb29d50d260 0000000120820001
0x00007fff5eb51f10:   00007fff5eb51f20 000000012a10e98e
0x00007fff5eb51f20:   00007fff5eb51f50 000000012a114bec
0x00007fff5eb51f30:   00007fff5eb51f50 00007fb297f2fe90
0x00007fff5eb51f40:   0000000000000018 0000000120820001
0x00007fff5eb51f50:   00007fff5eb51f80 000000012a119503
0x00007fff5eb51f60:   000000012082ec10 0000000126558030
0x00007fff5eb51f70:   0000000000000018 0000000120820001
0x00007fff5eb51f80:   00007fff5eb51fc0 000000012aaebdcf
0x00007fff5eb51f90:   0000000126558000 0000000126558000
0x00007fff5eb51fa0:   0000000000000007 00007fb297c0db40
0x00007fff5eb51fb0:   0000000120820448 0000000120820000
0x00007fff5eb51fc0:   00007fff5eb51fe0 000000012aaec2d8
0x00007fff5eb51fd0:   0000000000000000 0000000120820000
0x00007fff5eb51fe0:   00007fff5eb52000 000000012aaf4dc6
0x00007fff5eb51ff0:   00007fb297c0daa0 0000000000000280
0x00007fff5eb52000:   00007fff5eb52040 000000012aaf28a2
0x00007fff5eb52010:   0000000054296b7f 41d50a5adfc354da
0x00007fff5eb52020:   00007fb297c0d830 00007fb2945bf818
0x00007fff5eb52030:   00007fb297c0daa0 00007fb2945bf800
0x00007fff5eb52040:   00007fff5eb52090 000000012aaf2319
0x00007fff5eb52050:   00007fb2916022d0 00007fb2945bf800
0x00007fff5eb52060:   00007fb2915f0990 00007fb2945bf800
0x00007fff5eb52070:   00007fb2916023f0 00007fb2916022d0
0x00007fff5eb52080:   00007fb297c0db40 00007fb297c0d830
0x00007fff5eb52090:   00007fff5eb520a0 00007fff910ae3e4
0x00007fff5eb520a0:   00007fff5eb53140 00007fff910adf1f
0x00007fff5eb520b0:   00007fb291602400 41b2cc0300000000 

Instructions: (pc=0x000000010235c6fe)
0x000000010235c6de:   0e 48 8b 0b 49 8b 56 18 48 63 c0 48 89 0c c2 5b
0x000000010235c6ee:   41 5e 5d c3 90 90 55 48 89 e5 41 56 53 48 8b 1f
0x000000010235c6fe:   c7 83 58 02 00 00 05 00 00 00 48 8d 05 39 8f 70
0x000000010235c70e:   00 8b 00 83 f8 01 41 89 f6 7f 0c 48 8d 0d 26 0c 

Register to memory mapping:

RAX=0x0000000000000000 is an unknown value
RBX=0x0000000000000000 is an unknown value
RCX=0x000000012b50aa30: Java_com_sun_webkit_MainThread_twkScheduleDispatchFunctions+0x7e0f40 in /Library/Java/JavaVirtualMachines/jdk1.8.0.jdk/Contents/Home/jre/lib/libjfxwebkit.dylib at 0x0000000129d04000
RDX=0x0000000000000000 is an unknown value
RSP=0x00007fff5eb51ec0 is an unknown value
RBP=0x00007fff5eb51ed0 is an unknown value
RSI=0x0000000000000006 is an unknown value
RDI=0x00007fff5eb51ee8 is an unknown value
R8 =0x0000000054296b7f is an unknown value
R9 =0x00007fb29d3b62b0 is an unknown value
R10=0x00000000b9479cbf is an unknown value
R11=0x0000000005fd0028 is an unknown value
R12=0x00007fff5eb51ee8 is an unknown value
R13=0x0000000126558048 is an unknown value
R14=0x00007fb2945729e0 is an unknown value
R15=0x0000000000000000 is an unknown value


Stack: [0x00007fff5e356000,0x00007fff5eb56000],  sp=0x00007fff5eb51ec0,  free space=8175k
Native frames: (J=compiled Java code, j=interpreted, Vv=VM code, C=native code)
V  [libjvm.dylib+0x15c6fe]
V  [libjvm.dylib+0x2e9d66]
C  [libjfxwebkit.dylib+0x40a98e]  Java_com_sun_webkit_dom_EventListenerImpl_twkDispatchEvent+0x4c02e
C  [libjfxwebkit.dylib+0x410bec]  Java_com_sun_webkit_dom_EventListenerImpl_twkDispatchEvent+0x5228c
C  [libjfxwebkit.dylib+0x415503]  Java_com_sun_webkit_dom_EventListenerImpl_twkDispatchEvent+0x56ba3
C  [libjfxwebkit.dylib+0xde7dcf]  JSValueIsObjectOfClass+0x5080f
C  [libjfxwebkit.dylib+0xde82d8]  JSValueIsObjectOfClass+0x50d18
C  [libjfxwebkit.dylib+0xdf0dc6]  JSValueIsObjectOfClass+0x59806
C  [libjfxwebkit.dylib+0xdee8a2]  JSValueIsObjectOfClass+0x572e2
C  [libjfxwebkit.dylib+0xdee319]  JSValueIsObjectOfClass+0x56d59
C  [CoreFoundation+0xb53e4]  __CFRUNLOOP_IS_CALLING_OUT_TO_A_TIMER_CALLBACK_FUNCTION__+0x14
C  [CoreFoundation+0xb4f1f]  __CFRunLoopDoTimer+0x47f
C  [CoreFoundation+0x1265aa]  __CFRunLoopDoTimers+0x12a
C  [CoreFoundation+0x706a5]  __CFRunLoopRun+0x5f5
C  [CoreFoundation+0x6fe75]  CFRunLoopRunSpecific+0x135
C  [java+0x56db]  CreateExecutionEnvironment+0x367
C  [java+0x167c]  JLI_Launch+0x7a0
C  [java+0x7699]  main+0x65
C  [java+0xed4]  start+0x34


---------------  P R O C E S S  ---------------

VM state:at safepoint (normal execution)

VM Mutex/Monitor currently owned by a thread:  ([mutex/lock_event])
[0x00007fb293002a60] Threads_lock - owner thread: 0x00007fb29400b800

Heap:
 PSYoungGen      total 77312K, used 31283K [0x000000076ab00000, 0x000000076ff80000, 0x00000007c0000000)
  eden space 69120K, 41% used [0x000000076ab00000,0x000000076c6b1f40,0x000000076ee80000)
  from space 8192K, 35% used [0x000000076f780000,0x000000076fa5b010,0x000000076ff80000)
  to   space 8704K, 0% used [0x000000076ee80000,0x000000076ee80000,0x000000076f700000)
 ParOldGen       total 21504K, used 13722K [0x00000006c0000000, 0x00000006c1500000, 0x000000076ab00000)
  object space 21504K, 63% used [0x00000006c0000000,0x00000006c0d66970,0x00000006c1500000)
 Metaspace       used 28220K, capacity 28660K, committed 28800K, reserved 1073152K
  class space    used 3969K, capacity 4153K, committed 4224K, reserved 1048576K

Card table byte_map: [0x0000000112595000,0x0000000112d96000] byte_map_base: 0x000000010ef95000

Marking Bits: (ParMarkBitMap*) 0x0000000102a660a0
 Begin Bits: [0x0000000113b04000, 0x0000000117b04000)
 End Bits:   [0x0000000117b04000, 0x000000011bb04000)

Polling page: 0x00000001031c2000

CodeCache: size=245760Kb used=15301Kb max_used=15303Kb free=230458Kb
 bounds [0x00000001031d5000, 0x00000001040e5000, 0x00000001121d5000]
 total_blobs=5614 nmethods=4884 adapters=644
 compilation: enabled

Compilation events (10 events):
Event: 40,683 Thread 0x00007fb29482d800 nmethod 5475 0x00000001040d76d0 code [0x00000001040d7820, 0x00000001040d79d8]
Event: 40,890 Thread 0x00007fb292003000 5476       3       de.eppleton.fx2d.Sprite$2::render (27 bytes)
Event: 40,890 Thread 0x00007fb292003000 nmethod 5476 0x00000001040d6fd0 code [0x00000001040d7160, 0x00000001040d7568]
Event: 40,946 Thread 0x00007fb294820800 5477       4       com.sun.javafx.sg.prism.NGNode::hasOpaqueRegion (71 bytes)
Event: 40,948 Thread 0x00007fb294820800 nmethod 5477 0x00000001040d9610 code [0x00000001040d97c0, 0x00000001040d9ab8]
Event: 41,156 Thread 0x00007fb292003000 5478       3       java.util.EnumMap::unmaskNull (13 bytes)
Event: 41,157 Thread 0x00007fb292003000 nmethod 5478 0x00000001040d6c50 code [0x00000001040d6da0, 0x00000001040d6f50]
Event: 42,388 Thread 0x00007fb292003000 5479       3       com.sun.javafx.event.EventRedirector::redirectEvent (97 bytes)
Event: 42,388 Thread 0x00007fb292003000 nmethod 5479 0x00000001040d8550 code [0x00000001040d8760, 0x00000001040d9238]
Event: 42,419 Thread 0x00007fb292003000 5480       3       java.util.logging.LogManager$LoggerContext::ensureDefaultLogger (70 bytes)

GC Heap History (10 events):
Event: 25,791 GC heap before
{Heap before GC invocations=29 (full 3):
 PSYoungGen      total 75264K, used 71896K [0x000000076ab00000, 0x000000076fe80000, 0x00000007c0000000)
  eden space 66560K, 100% used [0x000000076ab00000,0x000000076ec00000,0x000000076ec00000)
  from space 8704K, 61% used [0x000000076ec00000,0x000000076f136020,0x000000076f480000)
  to   space 8704K, 0% used [0x000000076f600000,0x000000076f600000,0x000000076fe80000)
 ParOldGen       total 21504K, used 13690K [0x00000006c0000000, 0x00000006c1500000, 0x000000076ab00000)
  object space 21504K, 63% used [0x00000006c0000000,0x00000006c0d5e970,0x00000006c1500000)
 Metaspace       used 28171K, capacity 28660K, committed 28800K, reserved 1073152K
  class space    used 3964K, capacity 4153K, committed 4224K, reserved 1048576K
Event: 25,793 GC heap after
Heap after GC invocations=29 (full 3):
 PSYoungGen      total 75776K, used 5304K [0x000000076ab00000, 0x000000076fe00000, 0x00000007c0000000)
  eden space 67584K, 0% used [0x000000076ab00000,0x000000076ab00000,0x000000076ed00000)
  from space 8192K, 64% used [0x000000076f600000,0x000000076fb2e020,0x000000076fe00000)
  to   space 8704K, 0% used [0x000000076ed00000,0x000000076ed00000,0x000000076f580000)
 ParOldGen       total 21504K, used 13698K [0x00000006c0000000, 0x00000006c1500000, 0x000000076ab00000)
  object space 21504K, 63% used [0x00000006c0000000,0x00000006c0d60970,0x00000006c1500000)
 Metaspace       used 28171K, capacity 28660K, committed 28800K, reserved 1073152K
  class space    used 3964K, capacity 4153K, committed 4224K, reserved 1048576K
}
Event: 29,141 GC heap before
{Heap before GC invocations=30 (full 3):
 PSYoungGen      total 75776K, used 72888K [0x000000076ab00000, 0x000000076fe00000, 0x00000007c0000000)
  eden space 67584K, 100% used [0x000000076ab00000,0x000000076ed00000,0x000000076ed00000)
  from space 8192K, 64% used [0x000000076f600000,0x000000076fb2e020,0x000000076fe00000)
  to   space 8704K, 0% used [0x000000076ed00000,0x000000076ed00000,0x000000076f580000)
 ParOldGen       total 21504K, used 13698K [0x00000006c0000000, 0x00000006c1500000, 0x000000076ab00000)
  object space 21504K, 63% used [0x00000006c0000000,0x00000006c0d60970,0x00000006c1500000)
 Metaspace       used 28178K, capacity 28660K, committed 28800K, reserved 1073152K
  class space    used 3964K, capacity 4153K, committed 4224K, reserved 1048576K
Event: 29,142 GC heap after
Heap after GC invocations=30 (full 3):
 PSYoungGen      total 76288K, used 2828K [0x000000076ab00000, 0x000000076ff00000, 0x00000007c0000000)
  eden space 67584K, 0% used [0x000000076ab00000,0x000000076ab00000,0x000000076ed00000)
  from space 8704K, 32% used [0x000000076ed00000,0x000000076efc3010,0x000000076f580000)
  to   space 8704K, 0% used [0x000000076f680000,0x000000076f680000,0x000000076ff00000)
 ParOldGen       total 21504K, used 13706K [0x00000006c0000000, 0x00000006c1500000, 0x000000076ab00000)
  object space 21504K, 63% used [0x00000006c0000000,0x00000006c0d62970,0x00000006c1500000)
 Metaspace       used 28178K, capacity 28660K, committed 28800K, reserved 1073152K
  class space    used 3964K, capacity 4153K, committed 4224K, reserved 1048576K
}
Event: 32,905 GC heap before
{Heap before GC invocations=31 (full 3):
 PSYoungGen      total 76288K, used 70412K [0x000000076ab00000, 0x000000076ff00000, 0x00000007c0000000)
  eden space 67584K, 100% used [0x000000076ab00000,0x000000076ed00000,0x000000076ed00000)
  from space 8704K, 32% used [0x000000076ed00000,0x000000076efc3010,0x000000076f580000)
  to   space 8704K, 0% used [0x000000076f680000,0x000000076f680000,0x000000076ff00000)
 ParOldGen       total 21504K, used 13706K [0x00000006c0000000, 0x00000006c1500000, 0x000000076ab00000)
  object space 21504K, 63% used [0x00000006c0000000,0x00000006c0d62970,0x00000006c1500000)
 Metaspace       used 28198K, capacity 28660K, committed 28800K, reserved 1073152K
  class space    used 3965K, capacity 4153K, committed 4224K, reserved 1048576K
Event: 32,907 GC heap after
Heap after GC invocations=31 (full 3):
 PSYoungGen      total 77312K, used 5208K [0x000000076ab00000, 0x000000076ff00000, 0x00000007c0000000)
  eden space 68608K, 0% used [0x000000076ab00000,0x000000076ab00000,0x000000076ee00000)
  from space 8704K, 59% used [0x000000076f680000,0x000000076fb96020,0x000000076ff00000)
  to   space 8704K, 0% used [0x000000076ee00000,0x000000076ee00000,0x000000076f680000)
 ParOldGen       total 21504K, used 13714K [0x00000006c0000000, 0x00000006c1500000, 0x000000076ab00000)
  object space 21504K, 63% used [0x00000006c0000000,0x00000006c0d64970,0x00000006c1500000)
 Metaspace       used 28198K, capacity 28660K, committed 28800K, reserved 1073152K
  class space    used 3965K, capacity 4153K, committed 4224K, reserved 1048576K
}
Event: 36,678 GC heap before
{Heap before GC invocations=32 (full 3):
 PSYoungGen      total 77312K, used 73816K [0x000000076ab00000, 0x000000076ff00000, 0x00000007c0000000)
  eden space 68608K, 100% used [0x000000076ab00000,0x000000076ee00000,0x000000076ee00000)
  from space 8704K, 59% used [0x000000076f680000,0x000000076fb96020,0x000000076ff00000)
  to   space 8704K, 0% used [0x000000076ee00000,0x000000076ee00000,0x000000076f680000)
 ParOldGen       total 21504K, used 13714K [0x00000006c0000000, 0x00000006c1500000, 0x000000076ab00000)
  object space 21504K, 63% used [0x00000006c0000000,0x00000006c0d64970,0x00000006c1500000)
 Metaspace       used 28204K, capacity 28660K, committed 28800K, reserved 1073152K
  class space    used 3965K, capacity 4153K, committed 4224K, reserved 1048576K
Event: 36,679 GC heap after
Heap after GC invocations=32 (full 3):
 PSYoungGen      total 77312K, used 5240K [0x000000076ab00000, 0x0000000770000000, 0x00000007c0000000)
  eden space 68608K, 0% used [0x000000076ab00000,0x000000076ab00000,0x000000076ee00000)
  from space 8704K, 60% used [0x000000076ee00000,0x000000076f31e020,0x000000076f680000)
  to   space 8704K, 0% used [0x000000076f780000,0x000000076f780000,0x0000000770000000)
 ParOldGen       total 21504K, used 13722K [0x00000006c0000000, 0x00000006c1500000, 0x000000076ab00000)
  object space 21504K, 63% used [0x00000006c0000000,0x00000006c0d66970,0x00000006c1500000)
 Metaspace       used 28204K, capacity 28660K, committed 28800K, reserved 1073152K
  class space    used 3965K, capacity 4153K, committed 4224K, reserved 1048576K
}
Event: 40,658 GC heap before
{Heap before GC invocations=33 (full 3):
 PSYoungGen      total 77312K, used 73848K [0x000000076ab00000, 0x0000000770000000, 0x00000007c0000000)
  eden space 68608K, 100% used [0x000000076ab00000,0x000000076ee00000,0x000000076ee00000)
  from space 8704K, 60% used [0x000000076ee00000,0x000000076f31e020,0x000000076f680000)
  to   space 8704K, 0% used [0x000000076f780000,0x000000076f780000,0x0000000770000000)
 ParOldGen       total 21504K, used 13722K [0x00000006c0000000, 0x00000006c1500000, 0x000000076ab00000)
  object space 21504K, 63% used [0x00000006c0000000,0x00000006c0d66970,0x00000006c1500000)
 Metaspace       used 28206K, capacity 28660K, committed 28800K, reserved 1073152K
  class space    used 3965K, capacity 4153K, committed 4224K, reserved 1048576K
Event: 40,660 GC heap after
Heap after GC invocations=33 (full 3):
 PSYoungGen      total 77312K, used 2924K [0x000000076ab00000, 0x000000076ff80000, 0x00000007c0000000)
  eden space 69120K, 0% used [0x000000076ab00000,0x000000076ab00000,0x000000076ee80000)
  from space 8192K, 35% used [0x000000076f780000,0x000000076fa5b010,0x000000076ff80000)
  to   space 8704K, 0% used [0x000000076ee80000,0x000000076ee80000,0x000000076f700000)
 ParOldGen       total 21504K, used 13722K [0x00000006c0000000, 0x00000006c1500000, 0x000000076ab00000)
  object space 21504K, 63% used [0x00000006c0000000,0x00000006c0d66970,0x00000006c1500000)
 Metaspace       used 28206K, capacity 28660K, committed 28800K, reserved 1073152K
  class space    used 3965K, capacity 4153K, committed 4224K, reserved 1048576K
}

Deoptimization events (10 events):
Event: 12,080 Thread 0x00007fb294572800 Uncommon trap: reason=class_check action=maybe_recompile pc=0x0000000103b9c0b0 method=de.eppleton.fx2d.Sprite.drawSprite(Lnet/java/html/canvas/GraphicsContext2D;FJ)V @ 58
Event: 14,938 Thread 0x00007fb292b0c800 Uncommon trap: reason=unreached action=reinterpret pc=0x00000001033e8c9c method=com.sun.prism.impl.GlyphCache.getCachedGlyph(II)Lcom/sun/prism/impl/GlyphCache$GlyphData; @ 43
Event: 15,756 Thread 0x00007fb292b0c800 Uncommon trap: reason=class_check action=maybe_recompile pc=0x0000000103f8ec68 method=com.sun.prism.impl.ps.BaseShaderContext.validatePaintOp(Lcom/sun/prism/impl/ps/BaseShaderGraphics;Lcom/sun/javafx/geom/transform/BaseTransform;Lcom/sun/prism/impl/ps/Bas
Event: 15,756 Thread 0x00007fb292b0c800 Uncommon trap: reason=class_check action=maybe_recompile pc=0x0000000103f8ec68 method=com.sun.prism.impl.ps.BaseShaderContext.validatePaintOp(Lcom/sun/prism/impl/ps/BaseShaderGraphics;Lcom/sun/javafx/geom/transform/BaseTransform;Lcom/sun/prism/impl/ps/Bas
Event: 15,757 Thread 0x00007fb292b0c800 Uncommon trap: reason=class_check action=maybe_recompile pc=0x0000000103f8ec68 method=com.sun.prism.impl.ps.BaseShaderContext.validatePaintOp(Lcom/sun/prism/impl/ps/BaseShaderGraphics;Lcom/sun/javafx/geom/transform/BaseTransform;Lcom/sun/prism/impl/ps/Bas
Event: 15,757 Thread 0x00007fb292b0c800 Uncommon trap: reason=class_check action=maybe_recompile pc=0x0000000103f8ec68 method=com.sun.prism.impl.ps.BaseShaderContext.validatePaintOp(Lcom/sun/prism/impl/ps/BaseShaderGraphics;Lcom/sun/javafx/geom/transform/BaseTransform;Lcom/sun/prism/impl/ps/Bas
Event: 18,402 Thread 0x00007fb292b0c800 Uncommon trap: reason=class_check action=maybe_recompile pc=0x0000000103ffc7dc method=com.sun.prism.impl.GlyphCache.render(Lcom/sun/prism/impl/BaseContext;Lcom/sun/javafx/scene/text/GlyphList;FFIILcom/sun/prism/paint/Color;Lcom/sun/prism/paint/Color;Lcom/
Event: 18,402 Thread 0x00007fb292b0c800 Uncommon trap: reason=class_check action=maybe_recompile pc=0x0000000103ffc7dc method=com.sun.prism.impl.GlyphCache.render(Lcom/sun/prism/impl/BaseContext;Lcom/sun/javafx/scene/text/GlyphList;FFIILcom/sun/prism/paint/Color;Lcom/sun/prism/paint/Color;Lcom/
Event: 18,402 Thread 0x00007fb292b0c800 Uncommon trap: reason=class_check action=maybe_recompile pc=0x0000000103ffc7dc method=com.sun.prism.impl.GlyphCache.render(Lcom/sun/prism/impl/BaseContext;Lcom/sun/javafx/scene/text/GlyphList;FFIILcom/sun/prism/paint/Color;Lcom/sun/prism/paint/Color;Lcom/
Event: 18,458 Thread 0x00007fb292b0c800 Uncommon trap: reason=class_check action=maybe_recompile pc=0x0000000103ffc7dc method=com.sun.prism.impl.GlyphCache.render(Lcom/sun/prism/impl/BaseContext;Lcom/sun/javafx/scene/text/GlyphList;FFIILcom/sun/prism/paint/Color;Lcom/sun/prism/paint/Color;Lcom/

Internal exceptions (10 events):
Event: 10,600 Thread 0x00007fb294572800 Exception <a 'java/security/PrivilegedActionException'> (0x000000076dd2c260) thrown at [/HUDSON/workspace/8-2-build-macosx-x86_64/jdk8/2238/hotspot/src/share/vm/prims/jvm.cpp, line 1248]
Event: 10,600 Thread 0x00007fb294572800 Exception <a 'java/security/PrivilegedActionException'> (0x000000076dd2cb30) thrown at [/HUDSON/workspace/8-2-build-macosx-x86_64/jdk8/2238/hotspot/src/share/vm/prims/jvm.cpp, line 1248]
Event: 10,601 Thread 0x00007fb294572800 Exception <a 'java/security/PrivilegedActionException'> (0x000000076dd35510) thrown at [/HUDSON/workspace/8-2-build-macosx-x86_64/jdk8/2238/hotspot/src/share/vm/prims/jvm.cpp, line 1248]
Event: 10,601 Thread 0x00007fb294572800 Exception <a 'java/security/PrivilegedActionException'> (0x000000076dd35eb0) thrown at [/HUDSON/workspace/8-2-build-macosx-x86_64/jdk8/2238/hotspot/src/share/vm/prims/jvm.cpp, line 1248]
Event: 10,601 Thread 0x00007fb294572800 Exception <a 'java/security/PrivilegedActionException'> (0x000000076dd3b5f8) thrown at [/HUDSON/workspace/8-2-build-macosx-x86_64/jdk8/2238/hotspot/src/share/vm/prims/jvm.cpp, line 1248]
Event: 10,601 Thread 0x00007fb294572800 Exception <a 'java/security/PrivilegedActionException'> (0x000000076dd3be98) thrown at [/HUDSON/workspace/8-2-build-macosx-x86_64/jdk8/2238/hotspot/src/share/vm/prims/jvm.cpp, line 1248]
Event: 10,601 Thread 0x00007fb294572800 Implicit null exception at 0x0000000103425e90 to 0x0000000103425ffd
Event: 11,383 Thread 0x00007fb294572800 Implicit null exception at 0x00000001033ce9ed to 0x00000001033cecad
Event: 12,165 Thread 0x00007fb294572800 Exception <a 'java/security/PrivilegedActionException'> (0x000000076c42f818) thrown at [/HUDSON/workspace/8-2-build-macosx-x86_64/jdk8/2238/hotspot/src/share/vm/prims/jvm.cpp, line 1248]
Event: 12,165 Thread 0x00007fb294572800 Exception <a 'java/security/PrivilegedActionException'> (0x000000076c42fdc8) thrown at [/HUDSON/workspace/8-2-build-macosx-x86_64/jdk8/2238/hotspot/src/share/vm/prims/jvm.cpp, line 1248]

Events (10 events):
Event: 42,418 loading class com/sun/javafx/tk/quantum/QuantumRenderer$5
Event: 42,418 loading class com/sun/javafx/tk/quantum/QuantumRenderer$5 done
Event: 42,419 Thread 0x00007fb295313800 Thread exited: 0x00007fb295313800
Event: 42,419 Thread 0x00007fb292b0c800 Thread exited: 0x00007fb292b0c800
Event: 42,419 Thread 0x00007fb294572800 Thread exited: 0x00007fb294572800
Event: 42,419 Thread 0x00007fb29b07a000 Thread added: 0x00007fb29b07a000
Event: 42,419 Thread 0x00007fb29b312000 Thread added: 0x00007fb29b312000
Event: 42,419 Thread 0x00007fb29b312000 Thread exited: 0x00007fb29b312000
Event: 42,419 Thread 0x00007fb29b07a000 Thread exited: 0x00007fb29b07a000
Event: 42,419 Executing VM operation: Exit


Dynamic libraries:
0x0000000009333000 	/System/Library/Frameworks/Cocoa.framework/Versions/A/Cocoa
0x0000000009333000 	/System/Library/Frameworks/Security.framework/Versions/A/Security
0x0000000009333000 	/System/Library/Frameworks/ApplicationServices.framework/Versions/A/ApplicationServices
0x0000000009333000 	/usr/lib/libz.1.dylib
0x0000000009333000 	/usr/lib/libSystem.B.dylib
0x0000000009333000 	/usr/lib/libobjc.A.dylib
0x0000000009333000 	/System/Library/Frameworks/CoreFoundation.framework/Versions/A/CoreFoundation
0x0000000009333000 	/System/Library/Frameworks/Foundation.framework/Versions/C/Foundation
0x0000000009333000 	/System/Library/Frameworks/AppKit.framework/Versions/C/AppKit
0x0000000009333000 	/System/Library/Frameworks/CoreData.framework/Versions/A/CoreData
0x0000000009333000 	/System/Library/PrivateFrameworks/RemoteViewServices.framework/Versions/A/RemoteViewServices
0x0000000009333000 	/System/Library/Frameworks/AudioToolbox.framework/Versions/A/AudioToolbox
0x0000000009333000 	/System/Library/Frameworks/AudioUnit.framework/Versions/A/AudioUnit
0x0000000009333000 	/System/Library/PrivateFrameworks/DataDetectorsCore.framework/Versions/A/DataDetectorsCore
0x0000000009333000 	/System/Library/PrivateFrameworks/DesktopServicesPriv.framework/Versions/A/DesktopServicesPriv
0x0000000009333000 	/System/Library/Frameworks/Carbon.framework/Versions/A/Frameworks/HIToolbox.framework/Versions/A/HIToolbox
0x0000000009333000 	/System/Library/Frameworks/QuartzCore.framework/Versions/A/QuartzCore
0x0000000009333000 	/System/Library/Frameworks/Carbon.framework/Versions/A/Frameworks/SpeechRecognition.framework/Versions/A/SpeechRecognition
0x0000000009333000 	/usr/lib/libauto.dylib
0x0000000009333000 	/usr/lib/libicucore.A.dylib
0x0000000009333000 	/usr/lib/libxml2.2.dylib
0x0000000009333000 	/System/Library/PrivateFrameworks/CoreUI.framework/Versions/A/CoreUI
0x0000000009333000 	/System/Library/Frameworks/CoreAudio.framework/Versions/A/CoreAudio
0x0000000009333000 	/System/Library/Frameworks/DiskArbitration.framework/Versions/A/DiskArbitration
0x0000000009333000 	/usr/lib/liblangid.dylib
0x0000000009333000 	/System/Library/PrivateFrameworks/MultitouchSupport.framework/Versions/A/MultitouchSupport
0x0000000009333000 	/System/Library/Frameworks/IOKit.framework/Versions/A/IOKit
0x0000000009333000 	/usr/lib/libDiagnosticMessagesClient.dylib
0x0000000009333000 	/System/Library/Frameworks/CoreServices.framework/Versions/A/CoreServices
0x0000000009333000 	/System/Library/PrivateFrameworks/PerformanceAnalysis.framework/Versions/A/PerformanceAnalysis
0x0000000009333000 	/System/Library/PrivateFrameworks/GenerationalStorage.framework/Versions/A/GenerationalStorage
0x0000000009333000 	/System/Library/Frameworks/OpenGL.framework/Versions/A/OpenGL
0x0000000009333000 	/System/Library/PrivateFrameworks/Sharing.framework/Versions/A/Sharing
0x0000000009333000 	/System/Library/Frameworks/ImageIO.framework/Versions/A/ImageIO
0x0000000009333000 	/System/Library/Frameworks/CoreText.framework/Versions/A/CoreText
0x0000000009333000 	/System/Library/Frameworks/CoreGraphics.framework/Versions/A/CoreGraphics
0x0000000009333000 	/System/Library/PrivateFrameworks/Backup.framework/Versions/A/Backup
0x0000000009333000 	/System/Library/Frameworks/CFNetwork.framework/Versions/A/CFNetwork
0x0000000009333000 	/System/Library/Frameworks/SystemConfiguration.framework/Versions/A/SystemConfiguration
0x0000000009333000 	/usr/lib/libCRFSuite.dylib
0x0000000009333000 	/usr/lib/libc++.1.dylib
0x0000000009333000 	/usr/lib/libc++abi.dylib
0x0000000009333000 	/usr/lib/system/libcache.dylib
0x0000000009333000 	/usr/lib/system/libcommonCrypto.dylib
0x0000000009333000 	/usr/lib/system/libcompiler_rt.dylib
0x0000000009333000 	/usr/lib/system/libcopyfile.dylib
0x0000000009333000 	/usr/lib/system/libcorecrypto.dylib
0x0000000009333000 	/usr/lib/system/libdispatch.dylib
0x0000000009333000 	/usr/lib/system/libdyld.dylib
0x0000000009333000 	/usr/lib/system/libkeymgr.dylib
0x0000000009333000 	/usr/lib/system/liblaunch.dylib
0x0000000009333000 	/usr/lib/system/libmacho.dylib
0x0000000009333000 	/usr/lib/system/libquarantine.dylib
0x0000000009333000 	/usr/lib/system/libremovefile.dylib
0x0000000009333000 	/usr/lib/system/libsystem_asl.dylib
0x0000000009333000 	/usr/lib/system/libsystem_blocks.dylib
0x0000000009333000 	/usr/lib/system/libsystem_c.dylib
0x0000000009333000 	/usr/lib/system/libsystem_configuration.dylib
0x0000000009333000 	/usr/lib/system/libsystem_dnssd.dylib
0x0000000009333000 	/usr/lib/system/libsystem_info.dylib
0x0000000009333000 	/usr/lib/system/libsystem_kernel.dylib
0x0000000009333000 	/usr/lib/system/libsystem_m.dylib
0x0000000009333000 	/usr/lib/system/libsystem_malloc.dylib
0x0000000009333000 	/usr/lib/system/libsystem_network.dylib
0x0000000009333000 	/usr/lib/system/libsystem_notify.dylib
0x0000000009333000 	/usr/lib/system/libsystem_platform.dylib
0x0000000009333000 	/usr/lib/system/libsystem_pthread.dylib
0x0000000009333000 	/usr/lib/system/libsystem_sandbox.dylib
0x0000000009333000 	/usr/lib/system/libsystem_stats.dylib
0x0000000009333000 	/usr/lib/system/libunc.dylib
0x0000000009333000 	/usr/lib/system/libunwind.dylib
0x0000000009333000 	/usr/lib/system/libxpc.dylib
0x0000000009333000 	/usr/lib/libbsm.0.dylib
0x0000000009333000 	/usr/lib/libsqlite3.dylib
0x0000000009333000 	/usr/lib/libxar.1.dylib
0x0000000009333000 	/usr/lib/libpam.2.dylib
0x0000000009333000 	/usr/lib/libOpenScriptingUtil.dylib
0x0000000009333000 	/usr/lib/libbz2.1.0.dylib
0x0000000009333000 	/System/Library/Frameworks/CoreServices.framework/Versions/A/Frameworks/CarbonCore.framework/Versions/A/CarbonCore
0x0000000009333000 	/System/Library/Frameworks/CoreServices.framework/Versions/A/Frameworks/Metadata.framework/Versions/A/Metadata
0x0000000009333000 	/System/Library/Frameworks/CoreServices.framework/Versions/A/Frameworks/OSServices.framework/Versions/A/OSServices
0x0000000009333000 	/System/Library/Frameworks/CoreServices.framework/Versions/A/Frameworks/SearchKit.framework/Versions/A/SearchKit
0x0000000009333000 	/System/Library/Frameworks/CoreServices.framework/Versions/A/Frameworks/AE.framework/Versions/A/AE
0x0000000009333000 	/System/Library/Frameworks/CoreServices.framework/Versions/A/Frameworks/LaunchServices.framework/Versions/A/LaunchServices
0x0000000009333000 	/System/Library/Frameworks/CoreServices.framework/Versions/A/Frameworks/DictionaryServices.framework/Versions/A/DictionaryServices
0x0000000009333000 	/System/Library/Frameworks/NetFS.framework/Versions/A/NetFS
0x0000000009333000 	/usr/lib/system/libkxld.dylib
0x0000000009333000 	/System/Library/PrivateFrameworks/NetAuth.framework/Versions/A/NetAuth
0x0000000009333000 	/System/Library/PrivateFrameworks/TCC.framework/Versions/A/TCC
0x0000000009333000 	/System/Library/Frameworks/OpenDirectory.framework/Versions/A/Frameworks/CFOpenDirectory.framework/Versions/A/CFOpenDirectory
0x0000000009333000 	/System/Library/Frameworks/ServiceManagement.framework/Versions/A/ServiceManagement
0x0000000009333000 	/usr/lib/libxslt.1.dylib
0x0000000009333000 	/System/Library/Frameworks/Carbon.framework/Versions/A/Frameworks/Ink.framework/Versions/A/Ink
0x0000000009333000 	/System/Library/Frameworks/ApplicationServices.framework/Versions/A/Frameworks/ATS.framework/Versions/A/ATS
0x0000000009333000 	/System/Library/Frameworks/ApplicationServices.framework/Versions/A/Frameworks/ColorSync.framework/Versions/A/ColorSync
0x0000000009333000 	/System/Library/Frameworks/ApplicationServices.framework/Versions/A/Frameworks/HIServices.framework/Versions/A/HIServices
0x0000000009333000 	/System/Library/Frameworks/ApplicationServices.framework/Versions/A/Frameworks/LangAnalysis.framework/Versions/A/LangAnalysis
0x0000000009333000 	/System/Library/Frameworks/ApplicationServices.framework/Versions/A/Frameworks/PrintCore.framework/Versions/A/PrintCore
0x0000000009333000 	/System/Library/Frameworks/ApplicationServices.framework/Versions/A/Frameworks/QD.framework/Versions/A/QD
0x0000000009333000 	/System/Library/Frameworks/ApplicationServices.framework/Versions/A/Frameworks/SpeechSynthesis.framework/Versions/A/SpeechSynthesis
0x0000000009333000 	/System/Library/Frameworks/IOSurface.framework/Versions/A/IOSurface
0x0000000009333000 	/System/Library/Frameworks/Accelerate.framework/Versions/A/Accelerate
0x0000000009333000 	/System/Library/Frameworks/Accelerate.framework/Versions/A/Frameworks/vImage.framework/Versions/A/vImage
0x0000000009333000 	/System/Library/Frameworks/Accelerate.framework/Versions/A/Frameworks/vecLib.framework/Versions/A/vecLib
0x0000000009333000 	/System/Library/Frameworks/Accelerate.framework/Versions/A/Frameworks/vecLib.framework/Versions/A/libvDSP.dylib
0x0000000009333000 	/System/Library/Frameworks/Accelerate.framework/Versions/A/Frameworks/vecLib.framework/Versions/A/libvMisc.dylib
0x0000000009333000 	/System/Library/Frameworks/Accelerate.framework/Versions/A/Frameworks/vecLib.framework/Versions/A/libLAPACK.dylib
0x0000000009333000 	/System/Library/Frameworks/Accelerate.framework/Versions/A/Frameworks/vecLib.framework/Versions/A/libBLAS.dylib
0x0000000009333000 	/System/Library/Frameworks/ApplicationServices.framework/Versions/A/Frameworks/ATS.framework/Versions/A/Resources/libFontParser.dylib
0x0000000009333000 	/System/Library/Frameworks/ApplicationServices.framework/Versions/A/Frameworks/ATS.framework/Versions/A/Resources/libFontRegistry.dylib
0x0000000009333000 	/System/Library/Frameworks/ImageIO.framework/Versions/A/Resources/libJPEG.dylib
0x0000000009333000 	/System/Library/Frameworks/ImageIO.framework/Versions/A/Resources/libTIFF.dylib
0x0000000009333000 	/System/Library/Frameworks/ImageIO.framework/Versions/A/Resources/libPng.dylib
0x0000000009333000 	/System/Library/Frameworks/ImageIO.framework/Versions/A/Resources/libGIF.dylib
0x0000000009333000 	/System/Library/Frameworks/ImageIO.framework/Versions/A/Resources/libJP2.dylib
0x0000000009333000 	/System/Library/Frameworks/ImageIO.framework/Versions/A/Resources/libRadiance.dylib
0x0000000009333000 	/usr/lib/libcups.2.dylib
0x0000000009333000 	/System/Library/Frameworks/Kerberos.framework/Versions/A/Kerberos
0x0000000009333000 	/System/Library/Frameworks/GSS.framework/Versions/A/GSS
0x0000000009333000 	/usr/lib/libresolv.9.dylib
0x0000000009333000 	/usr/lib/libiconv.2.dylib
0x0000000009333000 	/System/Library/PrivateFrameworks/Heimdal.framework/Versions/A/Heimdal
0x0000000009333000 	/System/Library/PrivateFrameworks/TrustEvaluationAgent.framework/Versions/A/TrustEvaluationAgent
0x0000000009333000 	/usr/lib/libheimdal-asn1.dylib
0x0000000009333000 	/System/Library/Frameworks/OpenDirectory.framework/Versions/A/OpenDirectory
0x0000000009333000 	/System/Library/PrivateFrameworks/CommonAuth.framework/Versions/A/CommonAuth
0x0000000009333000 	/System/Library/Frameworks/SecurityFoundation.framework/Versions/A/SecurityFoundation
0x0000000009333000 	/System/Library/PrivateFrameworks/Bom.framework/Versions/A/Bom
0x0000000009333000 	/System/Library/Frameworks/CoreVideo.framework/Versions/A/CoreVideo
0x0000000009333000 	/System/Library/Frameworks/QuartzCore.framework/Versions/A/Frameworks/CoreImage.framework/Versions/A/CoreImage
0x0000000009333000 	/System/Library/Frameworks/QuartzCore.framework/Versions/A/Frameworks/ScalableUserInterface.framework/Versions/A/ScalableUserInterface
0x0000000009333000 	/System/Library/Frameworks/OpenGL.framework/Versions/A/Libraries/libGLU.dylib
0x0000000009333000 	/System/Library/Frameworks/OpenGL.framework/Versions/A/Libraries/libGFXShared.dylib
0x0000000009333000 	/System/Library/Frameworks/OpenGL.framework/Versions/A/Libraries/libGL.dylib
0x0000000009333000 	/System/Library/Frameworks/OpenGL.framework/Versions/A/Libraries/libGLImage.dylib
0x0000000009333000 	/System/Library/Frameworks/OpenGL.framework/Versions/A/Libraries/libCVMSPluginSupport.dylib
0x0000000009333000 	/System/Library/Frameworks/OpenGL.framework/Versions/A/Libraries/libCoreVMClient.dylib
0x0000000009333000 	/System/Library/PrivateFrameworks/FaceCore.framework/Versions/A/FaceCore
0x0000000009333000 	/System/Library/PrivateFrameworks/CrashReporterSupport.framework/Versions/A/CrashReporterSupport
0x0000000009333000 	/System/Library/Frameworks/OpenCL.framework/Versions/A/OpenCL
0x0000000009333000 	/System/Library/PrivateFrameworks/AppleFSCompression.framework/Versions/A/AppleFSCompression
0x0000000009333000 	/System/Library/PrivateFrameworks/Ubiquity.framework/Versions/A/Ubiquity
0x0000000009333000 	/System/Library/PrivateFrameworks/IconServices.framework/Versions/A/IconServices
0x0000000009333000 	/System/Library/PrivateFrameworks/ChunkingLibrary.framework/Versions/A/ChunkingLibrary
0x0000000009333000 	/System/Library/PrivateFrameworks/CoreSymbolication.framework/Versions/A/CoreSymbolication
0x0000000009333000 	/System/Library/PrivateFrameworks/Symbolication.framework/Versions/A/Symbolication
0x0000000009333000 	/System/Library/PrivateFrameworks/DebugSymbols.framework/Versions/A/DebugSymbols
0x0000000102200000 	/Library/Java/JavaVirtualMachines/jdk1.8.0.jdk/Contents/Home/jre/lib/server/libjvm.dylib
0x0000000009333000 	/usr/lib/libstdc++.6.dylib
0x00000001011be000 	/Library/Java/JavaVirtualMachines/jdk1.8.0.jdk/Contents/Home/jre/lib/libverify.dylib
0x00000001011cc000 	/Library/Java/JavaVirtualMachines/jdk1.8.0.jdk/Contents/Home/jre/lib/libjava.dylib
0x00000001031cc000 	/Library/Java/JavaVirtualMachines/jdk1.8.0.jdk/Contents/Home/jre/lib/libzip.dylib
0x000000011eda8000 	/System/Library/Frameworks/JavaVM.framework/Frameworks/JavaRuntimeSupport.framework/JavaRuntimeSupport
0x000000011edc0000 	/System/Library/Frameworks/JavaVM.framework/Versions/A/Frameworks/JavaNativeFoundation.framework/Versions/A/JavaNativeFoundation
0x000000011edd5000 	/System/Library/Frameworks/JavaVM.framework/Versions/A/JavaVM
0x0000000009333000 	/System/Library/Frameworks/Carbon.framework/Versions/A/Carbon
0x000000011ede2000 	/System/Library/PrivateFrameworks/JavaLaunching.framework/Versions/A/JavaLaunching
0x0000000009333000 	/System/Library/Frameworks/Carbon.framework/Versions/A/Frameworks/CommonPanels.framework/Versions/A/CommonPanels
0x0000000009333000 	/System/Library/Frameworks/Carbon.framework/Versions/A/Frameworks/Help.framework/Versions/A/Help
0x0000000009333000 	/System/Library/Frameworks/Carbon.framework/Versions/A/Frameworks/ImageCapture.framework/Versions/A/ImageCapture
0x0000000009333000 	/System/Library/Frameworks/Carbon.framework/Versions/A/Frameworks/OpenScripting.framework/Versions/A/OpenScripting
0x0000000009333000 	/System/Library/Frameworks/Carbon.framework/Versions/A/Frameworks/Print.framework/Versions/A/Print
0x0000000009333000 	/System/Library/Frameworks/Carbon.framework/Versions/A/Frameworks/SecurityHI.framework/Versions/A/SecurityHI
0x000000011f7fa000 	/Library/Java/JavaVirtualMachines/jdk1.8.0.jdk/Contents/Home/jre/lib/libnet.dylib
0x000000011fa81000 	/Library/Java/JavaVirtualMachines/jdk1.8.0.jdk/Contents/Home/jre/lib/libnio.dylib
0x000000011fa70000 	/Library/Java/JavaVirtualMachines/jdk1.8.0.jdk/Contents/Home/jre/lib/libprism_es2.dylib
0x0000000009333000 	/System/Library/Frameworks/OpenGL.framework/Versions/A/Resources/GLEngine.bundle/GLEngine
0x0000000009333000 	/System/Library/Frameworks/OpenGL.framework/Versions/A/Libraries/libGLProgrammability.dylib
0x0000000000000000 	/System/Library/Extensions/AppleIntelHD4000GraphicsGLDriver.bundle/Contents/MacOS/AppleIntelHD4000GraphicsGLDriver
0x0000000009333000 	/System/Library/PrivateFrameworks/IOAccelerator.framework/Versions/A/IOAccelerator
0x0000000009333000 	/System/Library/PrivateFrameworks/GPUSupport.framework/Versions/A/Libraries/libGPUSupportMercury.dylib
0x0000000000000000 	/System/Library/Extensions/GeForceGLDriver.bundle/Contents/MacOS/GeForceGLDriver
0x0000000009333000 	/System/Library/Extensions/GeForceGLDriver.bundle/Contents/MacOS/libclh.dylib
0x0000000009333000 	/System/Library/Frameworks/OpenGL.framework/Versions/A/Resources/GLRendererFloat.bundle/GLRendererFloat
0x0000000009333000 	/System/Library/Frameworks/OpenCL.framework/Versions/A/Libraries/libcldcpuengine.dylib
0x0000000009333000 	/System/Library/PrivateFrameworks/DiskImages.framework/Versions/A/DiskImages
0x0000000009333000 	/System/Library/Frameworks/DiscRecording.framework/Versions/A/DiscRecording
0x0000000009333000 	/usr/lib/libcsfde.dylib
0x0000000009333000 	/usr/lib/libcurl.4.dylib
0x0000000009333000 	/System/Library/PrivateFrameworks/MediaKit.framework/Versions/A/MediaKit
0x0000000009333000 	/usr/lib/libCoreStorage.dylib
0x0000000009333000 	/System/Library/PrivateFrameworks/EFILogin.framework/Versions/A/EFILogin
0x0000000009333000 	/usr/lib/libutil.dylib
0x0000000009333000 	/System/Library/PrivateFrameworks/AOSNotification.framework/Versions/A/AOSNotification
0x0000000009333000 	/System/Library/Frameworks/LDAP.framework/Versions/A/LDAP
0x0000000009333000 	/usr/lib/libsasl2.2.dylib
0x0000000009333000 	/usr/lib/libcrypto.0.9.8.dylib
0x0000000009333000 	/usr/lib/libssl.0.9.8.dylib
0x0000000121a49000 	/Library/Java/JavaVirtualMachines/jdk1.8.0.jdk/Contents/Home/jre/lib/libglass.dylib
0x0000000009333000 	/System/Library/PrivateFrameworks/CoreServicesInternal.framework/Versions/A/CoreServicesInternal
0x0000000009333000 	/System/Library/PrivateFrameworks/Librarian.framework/Versions/A/Librarian
0x0000000009333000 	/System/Library/CoreServices/RawCamera.bundle/Contents/MacOS/RawCamera
0x0000000009333000 	/System/Library/Frameworks/CoreGraphics.framework/Versions/A/Resources/libCGCMS.A.dylib
0x0000000009333000 	/System/Library/Frameworks/CoreGraphics.framework/Versions/A/Resources/libRIP.A.dylib
0x0000000009333000 	/System/Library/PrivateFrameworks/FamilyControls.framework/Versions/A/FamilyControls
0x0000000009333000 	/System/Library/PrivateFrameworks/CommerceKit.framework/Versions/A/Frameworks/CommerceCore.framework/Versions/A/CommerceCore
0x0000000009333000 	/System/Library/PrivateFrameworks/SystemAdministration.framework/Versions/A/SystemAdministration
0x0000000009333000 	/System/Library/Frameworks/DirectoryService.framework/Versions/A/DirectoryService
0x0000000009333000 	/System/Library/PrivateFrameworks/LoginUIKit.framework/Versions/A/Frameworks/LoginUICore.framework/Versions/A/LoginUICore
0x0000000009333000 	/usr/lib/libodfde.dylib
0x000000011f7d7000 	/Library/Java/JavaVirtualMachines/jdk1.8.0.jdk/Contents/Home/jre/lib/libjavafx_font.dylib
0x0000000009333000 	/System/Library/Frameworks/CoreGraphics.framework/Versions/A/Resources/libCGXType.A.dylib
0x000000011f830000 	cl_kernels
0x000000012873d000 	/System/Library/Frameworks/OpenCL.framework/Versions/A/Libraries/ImageFormats/unorm8_bgra.dylib
0x000000011f836000 	cl_kernels
0x000000011f848000 	cl_kernels
0x000000011f84d000 	cl_kernels
0x0000000128af4000 	/System/Library/Frameworks/OpenCL.framework/Versions/A/Libraries/ImageFormats/unorm8_argb.dylib
0x0000000129d04000 	/Library/Java/JavaVirtualMachines/jdk1.8.0.jdk/Contents/Home/jre/lib/libjfxwebkit.dylib
0x00000001206a1000 	/Library/Java/JavaVirtualMachines/jdk1.8.0.jdk/Contents/Home/jre/lib/libosx.dylib
0x0000000123d48000 	/Library/Java/JavaVirtualMachines/jdk1.8.0.jdk/Contents/Home/jre/lib/./libosxapp.dylib
0x0000000009333000 	/System/Library/Frameworks/ExceptionHandling.framework/Versions/A/ExceptionHandling
0x0000000120890000 	/Library/Java/JavaVirtualMachines/jdk1.8.0.jdk/Contents/Home/jre/lib/libprism_common.dylib
0x000000013329d000 	/Library/Java/JavaVirtualMachines/jdk1.8.0.jdk/Contents/Home/jre/lib/libglib-lite.dylib
0x00000001333c3000 	/Library/Java/JavaVirtualMachines/jdk1.8.0.jdk/Contents/Home/jre/lib/libgstreamer-lite.dylib
0x0000000133545000 	/Library/Java/JavaVirtualMachines/jdk1.8.0.jdk/Contents/Home/jre/lib/libjfxmedia.dylib
0x0000000009333000 	/System/Library/Frameworks/QTKit.framework/Versions/A/QTKit
0x0000000009333000 	/System/Library/Frameworks/AVFoundation.framework/Versions/A/AVFoundation
0x0000000009333000 	/System/Library/Frameworks/CoreMedia.framework/Versions/A/CoreMedia
0x0000000009333000 	/System/Library/Frameworks/MediaToolbox.framework/Versions/A/MediaToolbox
0x0000000009333000 	/System/Library/Frameworks/VideoToolbox.framework/Versions/A/VideoToolbox
0x0000000009333000 	/System/Library/PrivateFrameworks/CoreMediaAuthoring.framework/Versions/A/CoreMediaAuthoring
0x0000000009333000 	/System/Library/Frameworks/CoreMediaIO.framework/Versions/A/CoreMediaIO
0x0000000009333000 	/System/Library/Frameworks/AVFoundation.framework/Versions/A/Resources/libAVFAudio.dylib
0x0000000009333000 	/System/Library/PrivateFrameworks/MediaControlSender.framework/Versions/A/MediaControlSender
0x0000000009333000 	/System/Library/PrivateFrameworks/CoreAVCHD.framework/Versions/A/CoreAVCHD
0x0000000009333000 	/System/Library/Frameworks/MediaAccessibility.framework/Versions/A/MediaAccessibility
0x0000000009333000 	/System/Library/PrivateFrameworks/Mangrove.framework/Versions/A/Mangrove
0x0000000009333000 	/System/Library/PrivateFrameworks/CoreAUC.framework/Versions/A/CoreAUC
0x0000000009333000 	/System/Library/PrivateFrameworks/Apple80211.framework/Versions/A/Apple80211
0x0000000009333000 	/System/Library/PrivateFrameworks/AppleSRP.framework/Versions/A/AppleSRP
0x0000000009333000 	/System/Library/PrivateFrameworks/CoreUtils.framework/Versions/A/CoreUtils
0x0000000009333000 	/System/Library/Frameworks/CoreWLAN.framework/Versions/A/CoreWLAN
0x0000000009333000 	/usr/lib/libpcap.A.dylib
0x0000000009333000 	/System/Library/Frameworks/CoreWiFi.framework/Versions/A/CoreWiFi
0x0000000009333000 	/System/Library/PrivateFrameworks/AppleVA.framework/Versions/A/AppleVA
0x0000000009333000 	/System/Library/PrivateFrameworks/XPCService.framework/Versions/A/XPCService
0x0000000009333000 	/System/Library/PrivateFrameworks/AppSandbox.framework/Versions/A/AppSandbox
0x0000000009333000 	/usr/lib/libsandbox.1.dylib
0x0000000009333000 	/System/Library/PrivateFrameworks/AppContainer.framework/Versions/A/AppContainer
0x0000000009333000 	/System/Library/PrivateFrameworks/SecCodeWrapper.framework/Versions/A/SecCodeWrapper
0x0000000009333000 	/usr/lib/libMatch.1.dylib
0x000000012dc71000 	/Library/Java/JavaVirtualMachines/jdk1.8.0.jdk/Contents/Home/jre/lib/libfxplugins.dylib
0x000000011f8c0000 	/System/Library/Frameworks/VideoDecodeAcceleration.framework/Versions/A/VideoDecodeAcceleration
0x00000001345ca000 	/System/Library/Components/CoreAudio.component/Contents/MacOS/CoreAudio
0x000000011fb88000 	/System/Library/Extensions/AppleHDA.kext/Contents/PlugIns/AppleHDAHALPlugIn.bundle/Contents/MacOS/AppleHDAHALPlugIn

VM Arguments:
jvm_args: -Dclassworlds.conf=/Users/antonepple/netbeans 2/java/maven/bin/m2.conf -Dmaven.home=/Users/antonepple/netbeans 2/java/maven 
java_command: org.codehaus.plexus.classworlds.launcher.Launcher -Dnetbeans.inspect.port=52519 -Dmaven.ext.class.path=/Users/antonepple/netbeans 2/java/maven-nblib/netbeans-eventspy.jar process-classes exec:java
java_class_path (initial): /Users/antonepple/netbeans 2/java/maven/boot/plexus-classworlds-2.4.jar
Launcher Type: SUN_STANDARD

Environment Variables:
JAVA_HOME=/Library/Java/JavaVirtualMachines/jdk1.8.0.jdk/Contents/Home
PATH=/opt/local/bin:/opt/local/sbin:/Users/antonepple/adt-bundle-mac-x86_64-20131030/sdk/tools:/Users/antonepple/adt-bundle-mac-x86_64-20131030/sdk/platform-tools:/opt/local/bin:/opt/local/sbin:/usr/bin:/bin:/usr/sbin:/sbin:/usr/local/bin:/opt/X11/bin:/Applications/grails-2.1.2/bin:/usr/share/gradle-1.7/bin:/Applications/apache-maven-3.0.5/bin
LD_LIBRARY_PATH=/Library/Java/JavaVirtualMachines/jdk1.8.0.jdk/Contents/Home/jre/lib/amd64:/Library/Java/JavaVirtualMachines/jdk1.8.0.jdk/Contents/Home/jre/lib/i386:
SHELL=/bin/bash
DYLD_LIBRARY_PATH=/Users/antonepple/netbeans 2/webcommon/bin:

Signal Handlers:
SIGSEGV: [libjvm.dylib+0x55faef], sa_mask[0]=0xfffefeff, sa_flags=0x00000043
SIGBUS: [libjvm.dylib+0x55faef], sa_mask[0]=0xfffefeff, sa_flags=0x00000042
SIGFPE: [libjvm.dylib+0x44305a], sa_mask[0]=0xfffefeff, sa_flags=0x00000042
SIGPIPE: [libjvm.dylib+0x44305a], sa_mask[0]=0xfffefeff, sa_flags=0x00000042
SIGXFSZ: [libjvm.dylib+0x44305a], sa_mask[0]=0xfffefeff, sa_flags=0x00000042
SIGILL: [libjvm.dylib+0x44305a], sa_mask[0]=0xfffefeff, sa_flags=0x00000042
SIGUSR1: SIG_DFL, sa_mask[0]=0x63807efb, sa_flags=0x00000000
SIGUSR2: [libjvm.dylib+0x442b78], sa_mask[0]=0x00000004, sa_flags=0x00000042
SIGHUP: [libjvm.dylib+0x440f05], sa_mask[0]=0xfffefeff, sa_flags=0x00000042
SIGINT: SIG_IGN, sa_mask[0]=0x00000000, sa_flags=0x00000000
SIGTERM: [libjvm.dylib+0x440f05], sa_mask[0]=0xfffefeff, sa_flags=0x00000042
SIGQUIT: [libjvm.dylib+0x440f05], sa_mask[0]=0xfffefeff, sa_flags=0x00000042


---------------  S Y S T E M  ---------------

OS:Bsduname:Darwin 13.3.0 Darwin Kernel Version 13.3.0: Tue Jun  3 21:27:35 PDT 2014; root:xnu-2422.110.17~1/RELEASE_X86_64 x86_64
rlimit: STACK 8192k, CORE 0k, NPROC 709, NOFILE 10240, AS infinity
load average:1,81 1,87 1,88

CPU:total 8 (4 cores per cpu, 2 threads per core) family 6 model 58 stepping 9, cmov, cx8, fxsr, mmx, sse, sse2, sse3, ssse3, sse4.1, sse4.2, popcnt, avx, aes, clmul, erms, ht, tsc, tscinvbit

Memory: 4k page, physical 16777216k(3417616k free)

/proc/meminfo:


vm_info: Java HotSpot(TM) 64-Bit Server VM (25.0-b70) for bsd-amd64 JRE (1.8.0-b132), built on Mar  4 2014 03:11:43 by "java_re" with gcc 4.2.1 (Based on Apple Inc. build 5658) (LLVM build 2336.11.00)

time: Mon Sep 29 07:23:59 2014
elapsed time: 42 seconds

